2025-10-14 10:39:15,683 - app - ERROR - Exception on /vulnerable/login [POST]
Traceback (most recent call last):
  File "/home/bhavin/Desktop/projectgrocery (2)/pyapp/.venv/lib/python3.13/site-packages/sqlalchemy/engine/base.py", line 1145, in _commit_impl
    self.engine.dialect.do_commit(self.connection)
    ~~~~~~~~~~~~~~~~~~~~~~~~~~~~~^^^^^^^^^^^^^^^^^
  File "/home/bhavin/Desktop/projectgrocery (2)/pyapp/.venv/lib/python3.13/site-packages/sqlalchemy/engine/default.py", line 714, in do_commit
    dbapi_connection.commit()
    ~~~~~~~~~~~~~~~~~~~~~~~^^
sqlite3.OperationalError: database is locked

The above exception was the direct cause of the following exception:

Traceback (most recent call last):
  File "/home/bhavin/Desktop/kunj/safesql-lab/app/routes/vulnerable.py", line 46, in login
    log_exercise_attempt('login_basic', f"username={username}, password={password}", True)
    ~~~~~~~~~~~~~~~~~~~~^^^^^^^^^^^^^^^^^^^^^^^^^^^^^^^^^^^^^^^^^^^^^^^^^^^^^^^^^^^^^^^^^^
  File "/home/bhavin/Desktop/kunj/safesql-lab/app/routes/vulnerable.py", line 19, in log_exercise_attempt
    db.session.commit()
    ~~~~~~~~~~~~~~~~~^^
  File "/home/bhavin/Desktop/projectgrocery (2)/pyapp/.venv/lib/python3.13/site-packages/sqlalchemy/orm/scoping.py", line 599, in commit
    return self._proxied.commit()
           ~~~~~~~~~~~~~~~~~~~~^^
  File "/home/bhavin/Desktop/projectgrocery (2)/pyapp/.venv/lib/python3.13/site-packages/sqlalchemy/orm/session.py", line 2032, in commit
    trans.commit(_to_root=True)
    ~~~~~~~~~~~~^^^^^^^^^^^^^^^
  File "<string>", line 2, in commit
  File "/home/bhavin/Desktop/projectgrocery (2)/pyapp/.venv/lib/python3.13/site-packages/sqlalchemy/orm/state_changes.py", line 137, in _go
    ret_value = fn(self, *arg, **kw)
  File "/home/bhavin/Desktop/projectgrocery (2)/pyapp/.venv/lib/python3.13/site-packages/sqlalchemy/orm/session.py", line 1320, in commit
    trans.commit()
    ~~~~~~~~~~~~^^
  File "/home/bhavin/Desktop/projectgrocery (2)/pyapp/.venv/lib/python3.13/site-packages/sqlalchemy/engine/base.py", line 2632, in commit
    self._do_commit()
    ~~~~~~~~~~~~~~~^^
  File "/home/bhavin/Desktop/projectgrocery (2)/pyapp/.venv/lib/python3.13/site-packages/sqlalchemy/engine/base.py", line 2737, in _do_commit
    self._connection_commit_impl()
    ~~~~~~~~~~~~~~~~~~~~~~~~~~~~^^
  File "/home/bhavin/Desktop/projectgrocery (2)/pyapp/.venv/lib/python3.13/site-packages/sqlalchemy/engine/base.py", line 2708, in _connection_commit_impl
    self.connection._commit_impl()
    ~~~~~~~~~~~~~~~~~~~~~~~~~~~~^^
  File "/home/bhavin/Desktop/projectgrocery (2)/pyapp/.venv/lib/python3.13/site-packages/sqlalchemy/engine/base.py", line 1147, in _commit_impl
    self._handle_dbapi_exception(e, None, None, None, None)
    ~~~~~~~~~~~~~~~~~~~~~~~~~~~~^^^^^^^^^^^^^^^^^^^^^^^^^^^
  File "/home/bhavin/Desktop/projectgrocery (2)/pyapp/.venv/lib/python3.13/site-packages/sqlalchemy/engine/base.py", line 2355, in _handle_dbapi_exception
    raise sqlalchemy_exception.with_traceback(exc_info[2]) from e
  File "/home/bhavin/Desktop/projectgrocery (2)/pyapp/.venv/lib/python3.13/site-packages/sqlalchemy/engine/base.py", line 1145, in _commit_impl
    self.engine.dialect.do_commit(self.connection)
    ~~~~~~~~~~~~~~~~~~~~~~~~~~~~~^^^^^^^^^^^^^^^^^
  File "/home/bhavin/Desktop/projectgrocery (2)/pyapp/.venv/lib/python3.13/site-packages/sqlalchemy/engine/default.py", line 714, in do_commit
    dbapi_connection.commit()
    ~~~~~~~~~~~~~~~~~~~~~~~^^
sqlalchemy.exc.OperationalError: (sqlite3.OperationalError) database is locked
(Background on this error at: https://sqlalche.me/e/20/e3q8)

During handling of the above exception, another exception occurred:

Traceback (most recent call last):
  File "/home/bhavin/Desktop/projectgrocery (2)/pyapp/.venv/lib/python3.13/site-packages/flask/app.py", line 1511, in wsgi_app
    response = self.full_dispatch_request()
  File "/home/bhavin/Desktop/projectgrocery (2)/pyapp/.venv/lib/python3.13/site-packages/flask/app.py", line 919, in full_dispatch_request
    rv = self.handle_user_exception(e)
  File "/home/bhavin/Desktop/projectgrocery (2)/pyapp/.venv/lib/python3.13/site-packages/flask/app.py", line 917, in full_dispatch_request
    rv = self.dispatch_request()
  File "/home/bhavin/Desktop/projectgrocery (2)/pyapp/.venv/lib/python3.13/site-packages/flask/app.py", line 902, in dispatch_request
    return self.ensure_sync(self.view_functions[rule.endpoint])(**view_args)  # type: ignore[no-any-return]
           ~~~~~~~~~~~~~~~~~~~~~~~~~~~~~~~~~~~~~~~~~~~~~~~~~~~~^^^^^^^^^^^^^
  File "/home/bhavin/Desktop/kunj/safesql-lab/app/routes/vulnerable.py", line 53, in login
    log_exercise_attempt('login_basic', f"username={username}, password={password}", False)
    ~~~~~~~~~~~~~~~~~~~~^^^^^^^^^^^^^^^^^^^^^^^^^^^^^^^^^^^^^^^^^^^^^^^^^^^^^^^^^^^^^^^^^^^
  File "/home/bhavin/Desktop/kunj/safesql-lab/app/routes/vulnerable.py", line 19, in log_exercise_attempt
    db.session.commit()
    ~~~~~~~~~~~~~~~~~^^
  File "/home/bhavin/Desktop/projectgrocery (2)/pyapp/.venv/lib/python3.13/site-packages/sqlalchemy/orm/scoping.py", line 599, in commit
    return self._proxied.commit()
           ~~~~~~~~~~~~~~~~~~~~^^
  File "/home/bhavin/Desktop/projectgrocery (2)/pyapp/.venv/lib/python3.13/site-packages/sqlalchemy/orm/session.py", line 2032, in commit
    trans.commit(_to_root=True)
    ~~~~~~~~~~~~^^^^^^^^^^^^^^^
  File "<string>", line 2, in commit
  File "/home/bhavin/Desktop/projectgrocery (2)/pyapp/.venv/lib/python3.13/site-packages/sqlalchemy/orm/state_changes.py", line 137, in _go
    ret_value = fn(self, *arg, **kw)
  File "/home/bhavin/Desktop/projectgrocery (2)/pyapp/.venv/lib/python3.13/site-packages/sqlalchemy/orm/session.py", line 1320, in commit
    trans.commit()
    ~~~~~~~~~~~~^^
  File "/home/bhavin/Desktop/projectgrocery (2)/pyapp/.venv/lib/python3.13/site-packages/sqlalchemy/engine/base.py", line 2632, in commit
    self._do_commit()
    ~~~~~~~~~~~~~~~^^
  File "/home/bhavin/Desktop/projectgrocery (2)/pyapp/.venv/lib/python3.13/site-packages/sqlalchemy/engine/base.py", line 2753, in _do_commit
    self.connection._invalid_transaction()
    ~~~~~~~~~~~~~~~~~~~~~~~~~~~~~~~~~~~~^^
  File "/home/bhavin/Desktop/projectgrocery (2)/pyapp/.venv/lib/python3.13/site-packages/sqlalchemy/engine/base.py", line 663, in _invalid_transaction
    raise exc.PendingRollbackError(
    ...<4 lines>...
    )
sqlalchemy.exc.PendingRollbackError: Can't reconnect until invalid transaction is rolled back.  Please rollback() fully before proceeding (Background on this error at: https://sqlalche.me/e/20/8s2b)
2025-10-14 10:39:23,165 - app - ERROR - Exception on /vulnerable/login [POST]
Traceback (most recent call last):
  File "/home/bhavin/Desktop/projectgrocery (2)/pyapp/.venv/lib/python3.13/site-packages/sqlalchemy/engine/base.py", line 1145, in _commit_impl
    self.engine.dialect.do_commit(self.connection)
    ~~~~~~~~~~~~~~~~~~~~~~~~~~~~~^^^^^^^^^^^^^^^^^
  File "/home/bhavin/Desktop/projectgrocery (2)/pyapp/.venv/lib/python3.13/site-packages/sqlalchemy/engine/default.py", line 714, in do_commit
    dbapi_connection.commit()
    ~~~~~~~~~~~~~~~~~~~~~~~^^
sqlite3.OperationalError: database is locked

The above exception was the direct cause of the following exception:

Traceback (most recent call last):
  File "/home/bhavin/Desktop/kunj/safesql-lab/app/routes/vulnerable.py", line 46, in login
    log_exercise_attempt('login_basic', f"username={username}, password={password}", True)
    ~~~~~~~~~~~~~~~~~~~~^^^^^^^^^^^^^^^^^^^^^^^^^^^^^^^^^^^^^^^^^^^^^^^^^^^^^^^^^^^^^^^^^^
  File "/home/bhavin/Desktop/kunj/safesql-lab/app/routes/vulnerable.py", line 19, in log_exercise_attempt
    db.session.commit()
    ~~~~~~~~~~~~~~~~~^^
  File "/home/bhavin/Desktop/projectgrocery (2)/pyapp/.venv/lib/python3.13/site-packages/sqlalchemy/orm/scoping.py", line 599, in commit
    return self._proxied.commit()
           ~~~~~~~~~~~~~~~~~~~~^^
  File "/home/bhavin/Desktop/projectgrocery (2)/pyapp/.venv/lib/python3.13/site-packages/sqlalchemy/orm/session.py", line 2032, in commit
    trans.commit(_to_root=True)
    ~~~~~~~~~~~~^^^^^^^^^^^^^^^
  File "<string>", line 2, in commit
  File "/home/bhavin/Desktop/projectgrocery (2)/pyapp/.venv/lib/python3.13/site-packages/sqlalchemy/orm/state_changes.py", line 137, in _go
    ret_value = fn(self, *arg, **kw)
  File "/home/bhavin/Desktop/projectgrocery (2)/pyapp/.venv/lib/python3.13/site-packages/sqlalchemy/orm/session.py", line 1320, in commit
    trans.commit()
    ~~~~~~~~~~~~^^
  File "/home/bhavin/Desktop/projectgrocery (2)/pyapp/.venv/lib/python3.13/site-packages/sqlalchemy/engine/base.py", line 2632, in commit
    self._do_commit()
    ~~~~~~~~~~~~~~~^^
  File "/home/bhavin/Desktop/projectgrocery (2)/pyapp/.venv/lib/python3.13/site-packages/sqlalchemy/engine/base.py", line 2737, in _do_commit
    self._connection_commit_impl()
    ~~~~~~~~~~~~~~~~~~~~~~~~~~~~^^
  File "/home/bhavin/Desktop/projectgrocery (2)/pyapp/.venv/lib/python3.13/site-packages/sqlalchemy/engine/base.py", line 2708, in _connection_commit_impl
    self.connection._commit_impl()
    ~~~~~~~~~~~~~~~~~~~~~~~~~~~~^^
  File "/home/bhavin/Desktop/projectgrocery (2)/pyapp/.venv/lib/python3.13/site-packages/sqlalchemy/engine/base.py", line 1147, in _commit_impl
    self._handle_dbapi_exception(e, None, None, None, None)
    ~~~~~~~~~~~~~~~~~~~~~~~~~~~~^^^^^^^^^^^^^^^^^^^^^^^^^^^
  File "/home/bhavin/Desktop/projectgrocery (2)/pyapp/.venv/lib/python3.13/site-packages/sqlalchemy/engine/base.py", line 2355, in _handle_dbapi_exception
    raise sqlalchemy_exception.with_traceback(exc_info[2]) from e
  File "/home/bhavin/Desktop/projectgrocery (2)/pyapp/.venv/lib/python3.13/site-packages/sqlalchemy/engine/base.py", line 1145, in _commit_impl
    self.engine.dialect.do_commit(self.connection)
    ~~~~~~~~~~~~~~~~~~~~~~~~~~~~~^^^^^^^^^^^^^^^^^
  File "/home/bhavin/Desktop/projectgrocery (2)/pyapp/.venv/lib/python3.13/site-packages/sqlalchemy/engine/default.py", line 714, in do_commit
    dbapi_connection.commit()
    ~~~~~~~~~~~~~~~~~~~~~~~^^
sqlalchemy.exc.OperationalError: (sqlite3.OperationalError) database is locked
(Background on this error at: https://sqlalche.me/e/20/e3q8)

During handling of the above exception, another exception occurred:

Traceback (most recent call last):
  File "/home/bhavin/Desktop/projectgrocery (2)/pyapp/.venv/lib/python3.13/site-packages/flask/app.py", line 1511, in wsgi_app
    response = self.full_dispatch_request()
  File "/home/bhavin/Desktop/projectgrocery (2)/pyapp/.venv/lib/python3.13/site-packages/flask/app.py", line 919, in full_dispatch_request
    rv = self.handle_user_exception(e)
  File "/home/bhavin/Desktop/projectgrocery (2)/pyapp/.venv/lib/python3.13/site-packages/flask/app.py", line 917, in full_dispatch_request
    rv = self.dispatch_request()
  File "/home/bhavin/Desktop/projectgrocery (2)/pyapp/.venv/lib/python3.13/site-packages/flask/app.py", line 902, in dispatch_request
    return self.ensure_sync(self.view_functions[rule.endpoint])(**view_args)  # type: ignore[no-any-return]
           ~~~~~~~~~~~~~~~~~~~~~~~~~~~~~~~~~~~~~~~~~~~~~~~~~~~~^^^^^^^^^^^^^
  File "/home/bhavin/Desktop/kunj/safesql-lab/app/routes/vulnerable.py", line 53, in login
    log_exercise_attempt('login_basic', f"username={username}, password={password}", False)
    ~~~~~~~~~~~~~~~~~~~~^^^^^^^^^^^^^^^^^^^^^^^^^^^^^^^^^^^^^^^^^^^^^^^^^^^^^^^^^^^^^^^^^^^
  File "/home/bhavin/Desktop/kunj/safesql-lab/app/routes/vulnerable.py", line 19, in log_exercise_attempt
    db.session.commit()
    ~~~~~~~~~~~~~~~~~^^
  File "/home/bhavin/Desktop/projectgrocery (2)/pyapp/.venv/lib/python3.13/site-packages/sqlalchemy/orm/scoping.py", line 599, in commit
    return self._proxied.commit()
           ~~~~~~~~~~~~~~~~~~~~^^
  File "/home/bhavin/Desktop/projectgrocery (2)/pyapp/.venv/lib/python3.13/site-packages/sqlalchemy/orm/session.py", line 2032, in commit
    trans.commit(_to_root=True)
    ~~~~~~~~~~~~^^^^^^^^^^^^^^^
  File "<string>", line 2, in commit
  File "/home/bhavin/Desktop/projectgrocery (2)/pyapp/.venv/lib/python3.13/site-packages/sqlalchemy/orm/state_changes.py", line 137, in _go
    ret_value = fn(self, *arg, **kw)
  File "/home/bhavin/Desktop/projectgrocery (2)/pyapp/.venv/lib/python3.13/site-packages/sqlalchemy/orm/session.py", line 1320, in commit
    trans.commit()
    ~~~~~~~~~~~~^^
  File "/home/bhavin/Desktop/projectgrocery (2)/pyapp/.venv/lib/python3.13/site-packages/sqlalchemy/engine/base.py", line 2632, in commit
    self._do_commit()
    ~~~~~~~~~~~~~~~^^
  File "/home/bhavin/Desktop/projectgrocery (2)/pyapp/.venv/lib/python3.13/site-packages/sqlalchemy/engine/base.py", line 2753, in _do_commit
    self.connection._invalid_transaction()
    ~~~~~~~~~~~~~~~~~~~~~~~~~~~~~~~~~~~~^^
  File "/home/bhavin/Desktop/projectgrocery (2)/pyapp/.venv/lib/python3.13/site-packages/sqlalchemy/engine/base.py", line 663, in _invalid_transaction
    raise exc.PendingRollbackError(
    ...<4 lines>...
    )
sqlalchemy.exc.PendingRollbackError: Can't reconnect until invalid transaction is rolled back.  Please rollback() fully before proceeding (Background on this error at: https://sqlalche.me/e/20/8s2b)
2025-10-14 10:39:27,349 - app - ERROR - Exception on /vulnerable/login [POST]
Traceback (most recent call last):
  File "/home/bhavin/Desktop/kunj/safesql-lab/app/routes/vulnerable.py", line 37, in login
    cursor.execute(query)
    ~~~~~~~~~~~~~~^^^^^^^
sqlite3.OperationalError: database is locked

During handling of the above exception, another exception occurred:

Traceback (most recent call last):
  File "/home/bhavin/Desktop/projectgrocery (2)/pyapp/.venv/lib/python3.13/site-packages/sqlalchemy/engine/base.py", line 1967, in _exec_single_context
    self.dialect.do_execute(
    ~~~~~~~~~~~~~~~~~~~~~~~^
        cursor, str_statement, effective_parameters, context
        ^^^^^^^^^^^^^^^^^^^^^^^^^^^^^^^^^^^^^^^^^^^^^^^^^^^^
    )
    ^
  File "/home/bhavin/Desktop/projectgrocery (2)/pyapp/.venv/lib/python3.13/site-packages/sqlalchemy/engine/default.py", line 951, in do_execute
    cursor.execute(statement, parameters)
    ~~~~~~~~~~~~~~^^^^^^^^^^^^^^^^^^^^^^^
sqlite3.OperationalError: database is locked

The above exception was the direct cause of the following exception:

Traceback (most recent call last):
  File "/home/bhavin/Desktop/projectgrocery (2)/pyapp/.venv/lib/python3.13/site-packages/flask/app.py", line 1511, in wsgi_app
    response = self.full_dispatch_request()
  File "/home/bhavin/Desktop/projectgrocery (2)/pyapp/.venv/lib/python3.13/site-packages/flask/app.py", line 919, in full_dispatch_request
    rv = self.handle_user_exception(e)
  File "/home/bhavin/Desktop/projectgrocery (2)/pyapp/.venv/lib/python3.13/site-packages/flask/app.py", line 917, in full_dispatch_request
    rv = self.dispatch_request()
  File "/home/bhavin/Desktop/projectgrocery (2)/pyapp/.venv/lib/python3.13/site-packages/flask/app.py", line 902, in dispatch_request
    return self.ensure_sync(self.view_functions[rule.endpoint])(**view_args)  # type: ignore[no-any-return]
           ~~~~~~~~~~~~~~~~~~~~~~~~~~~~~~~~~~~~~~~~~~~~~~~~~~~~^^^^^^^^^^^^^
  File "/home/bhavin/Desktop/kunj/safesql-lab/app/routes/vulnerable.py", line 53, in login
    log_exercise_attempt('login_basic', f"username={username}, password={password}", False)
    ~~~~~~~~~~~~~~~~~~~~^^^^^^^^^^^^^^^^^^^^^^^^^^^^^^^^^^^^^^^^^^^^^^^^^^^^^^^^^^^^^^^^^^^
  File "/home/bhavin/Desktop/kunj/safesql-lab/app/routes/vulnerable.py", line 19, in log_exercise_attempt
    db.session.commit()
    ~~~~~~~~~~~~~~~~~^^
  File "/home/bhavin/Desktop/projectgrocery (2)/pyapp/.venv/lib/python3.13/site-packages/sqlalchemy/orm/scoping.py", line 599, in commit
    return self._proxied.commit()
           ~~~~~~~~~~~~~~~~~~~~^^
  File "/home/bhavin/Desktop/projectgrocery (2)/pyapp/.venv/lib/python3.13/site-packages/sqlalchemy/orm/session.py", line 2032, in commit
    trans.commit(_to_root=True)
    ~~~~~~~~~~~~^^^^^^^^^^^^^^^
  File "<string>", line 2, in commit
  File "/home/bhavin/Desktop/projectgrocery (2)/pyapp/.venv/lib/python3.13/site-packages/sqlalchemy/orm/state_changes.py", line 137, in _go
    ret_value = fn(self, *arg, **kw)
  File "/home/bhavin/Desktop/projectgrocery (2)/pyapp/.venv/lib/python3.13/site-packages/sqlalchemy/orm/session.py", line 1313, in commit
    self._prepare_impl()
    ~~~~~~~~~~~~~~~~~~^^
  File "<string>", line 2, in _prepare_impl
  File "/home/bhavin/Desktop/projectgrocery (2)/pyapp/.venv/lib/python3.13/site-packages/sqlalchemy/orm/state_changes.py", line 137, in _go
    ret_value = fn(self, *arg, **kw)
  File "/home/bhavin/Desktop/projectgrocery (2)/pyapp/.venv/lib/python3.13/site-packages/sqlalchemy/orm/session.py", line 1288, in _prepare_impl
    self.session.flush()
    ~~~~~~~~~~~~~~~~~~^^
  File "/home/bhavin/Desktop/projectgrocery (2)/pyapp/.venv/lib/python3.13/site-packages/sqlalchemy/orm/session.py", line 4345, in flush
    self._flush(objects)
    ~~~~~~~~~~~^^^^^^^^^
  File "/home/bhavin/Desktop/projectgrocery (2)/pyapp/.venv/lib/python3.13/site-packages/sqlalchemy/orm/session.py", line 4480, in _flush
    with util.safe_reraise():
         ~~~~~~~~~~~~~~~~~^^
  File "/home/bhavin/Desktop/projectgrocery (2)/pyapp/.venv/lib/python3.13/site-packages/sqlalchemy/util/langhelpers.py", line 224, in __exit__
    raise exc_value.with_traceback(exc_tb)
  File "/home/bhavin/Desktop/projectgrocery (2)/pyapp/.venv/lib/python3.13/site-packages/sqlalchemy/orm/session.py", line 4441, in _flush
    flush_context.execute()
    ~~~~~~~~~~~~~~~~~~~~~^^
  File "/home/bhavin/Desktop/projectgrocery (2)/pyapp/.venv/lib/python3.13/site-packages/sqlalchemy/orm/unitofwork.py", line 466, in execute
    rec.execute(self)
    ~~~~~~~~~~~^^^^^^
  File "/home/bhavin/Desktop/projectgrocery (2)/pyapp/.venv/lib/python3.13/site-packages/sqlalchemy/orm/unitofwork.py", line 642, in execute
    util.preloaded.orm_persistence.save_obj(
    ~~~~~~~~~~~~~~~~~~~~~~~~~~~~~~~~~~~~~~~^
        self.mapper,
        ^^^^^^^^^^^^
        uow.states_for_mapper_hierarchy(self.mapper, False, False),
        ^^^^^^^^^^^^^^^^^^^^^^^^^^^^^^^^^^^^^^^^^^^^^^^^^^^^^^^^^^^
        uow,
        ^^^^
    )
    ^
  File "/home/bhavin/Desktop/projectgrocery (2)/pyapp/.venv/lib/python3.13/site-packages/sqlalchemy/orm/persistence.py", line 93, in save_obj
    _emit_insert_statements(
    ~~~~~~~~~~~~~~~~~~~~~~~^
        base_mapper,
        ^^^^^^^^^^^^
    ...<3 lines>...
        insert,
        ^^^^^^^
    )
    ^
  File "/home/bhavin/Desktop/projectgrocery (2)/pyapp/.venv/lib/python3.13/site-packages/sqlalchemy/orm/persistence.py", line 1233, in _emit_insert_statements
    result = connection.execute(
        statement,
        params,
        execution_options=execution_options,
    )
  File "/home/bhavin/Desktop/projectgrocery (2)/pyapp/.venv/lib/python3.13/site-packages/sqlalchemy/engine/base.py", line 1419, in execute
    return meth(
        self,
        distilled_parameters,
        execution_options or NO_OPTIONS,
    )
  File "/home/bhavin/Desktop/projectgrocery (2)/pyapp/.venv/lib/python3.13/site-packages/sqlalchemy/sql/elements.py", line 526, in _execute_on_connection
    return connection._execute_clauseelement(
           ~~~~~~~~~~~~~~~~~~~~~~~~~~~~~~~~~^
        self, distilled_params, execution_options
        ^^^^^^^^^^^^^^^^^^^^^^^^^^^^^^^^^^^^^^^^^
    )
    ^
  File "/home/bhavin/Desktop/projectgrocery (2)/pyapp/.venv/lib/python3.13/site-packages/sqlalchemy/engine/base.py", line 1641, in _execute_clauseelement
    ret = self._execute_context(
        dialect,
    ...<8 lines>...
        cache_hit=cache_hit,
    )
  File "/home/bhavin/Desktop/projectgrocery (2)/pyapp/.venv/lib/python3.13/site-packages/sqlalchemy/engine/base.py", line 1846, in _execute_context
    return self._exec_single_context(
           ~~~~~~~~~~~~~~~~~~~~~~~~~^
        dialect, context, statement, parameters
        ^^^^^^^^^^^^^^^^^^^^^^^^^^^^^^^^^^^^^^^
    )
    ^
  File "/home/bhavin/Desktop/projectgrocery (2)/pyapp/.venv/lib/python3.13/site-packages/sqlalchemy/engine/base.py", line 1986, in _exec_single_context
    self._handle_dbapi_exception(
    ~~~~~~~~~~~~~~~~~~~~~~~~~~~~^
        e, str_statement, effective_parameters, cursor, context
        ^^^^^^^^^^^^^^^^^^^^^^^^^^^^^^^^^^^^^^^^^^^^^^^^^^^^^^^
    )
    ^
  File "/home/bhavin/Desktop/projectgrocery (2)/pyapp/.venv/lib/python3.13/site-packages/sqlalchemy/engine/base.py", line 2355, in _handle_dbapi_exception
    raise sqlalchemy_exception.with_traceback(exc_info[2]) from e
  File "/home/bhavin/Desktop/projectgrocery (2)/pyapp/.venv/lib/python3.13/site-packages/sqlalchemy/engine/base.py", line 1967, in _exec_single_context
    self.dialect.do_execute(
    ~~~~~~~~~~~~~~~~~~~~~~~^
        cursor, str_statement, effective_parameters, context
        ^^^^^^^^^^^^^^^^^^^^^^^^^^^^^^^^^^^^^^^^^^^^^^^^^^^^
    )
    ^
  File "/home/bhavin/Desktop/projectgrocery (2)/pyapp/.venv/lib/python3.13/site-packages/sqlalchemy/engine/default.py", line 951, in do_execute
    cursor.execute(statement, parameters)
    ~~~~~~~~~~~~~~^^^^^^^^^^^^^^^^^^^^^^^
sqlalchemy.exc.OperationalError: (sqlite3.OperationalError) database is locked
[SQL: INSERT INTO exercise_logs (exercise_name, user_input, success, timestamp, ip_address) VALUES (?, ?, ?, ?, ?)]
[parameters: ('login_basic', "username=erwte, password=' or 1=1--", 0, '2025-10-14 05:09:22.339694', '127.0.0.1')]
(Background on this error at: https://sqlalche.me/e/20/e3q8)
2025-10-14 10:39:27,889 - app - ERROR - Exception on /vulnerable/login [POST]
Traceback (most recent call last):
  File "/home/bhavin/Desktop/kunj/safesql-lab/app/routes/vulnerable.py", line 37, in login
    cursor.execute(query)
    ~~~~~~~~~~~~~~^^^^^^^
sqlite3.OperationalError: database is locked

During handling of the above exception, another exception occurred:

Traceback (most recent call last):
  File "/home/bhavin/Desktop/projectgrocery (2)/pyapp/.venv/lib/python3.13/site-packages/sqlalchemy/engine/base.py", line 1967, in _exec_single_context
    self.dialect.do_execute(
    ~~~~~~~~~~~~~~~~~~~~~~~^
        cursor, str_statement, effective_parameters, context
        ^^^^^^^^^^^^^^^^^^^^^^^^^^^^^^^^^^^^^^^^^^^^^^^^^^^^
    )
    ^
  File "/home/bhavin/Desktop/projectgrocery (2)/pyapp/.venv/lib/python3.13/site-packages/sqlalchemy/engine/default.py", line 951, in do_execute
    cursor.execute(statement, parameters)
    ~~~~~~~~~~~~~~^^^^^^^^^^^^^^^^^^^^^^^
sqlite3.OperationalError: database is locked

The above exception was the direct cause of the following exception:

Traceback (most recent call last):
  File "/home/bhavin/Desktop/projectgrocery (2)/pyapp/.venv/lib/python3.13/site-packages/flask/app.py", line 1511, in wsgi_app
    response = self.full_dispatch_request()
  File "/home/bhavin/Desktop/projectgrocery (2)/pyapp/.venv/lib/python3.13/site-packages/flask/app.py", line 919, in full_dispatch_request
    rv = self.handle_user_exception(e)
  File "/home/bhavin/Desktop/projectgrocery (2)/pyapp/.venv/lib/python3.13/site-packages/flask/app.py", line 917, in full_dispatch_request
    rv = self.dispatch_request()
  File "/home/bhavin/Desktop/projectgrocery (2)/pyapp/.venv/lib/python3.13/site-packages/flask/app.py", line 902, in dispatch_request
    return self.ensure_sync(self.view_functions[rule.endpoint])(**view_args)  # type: ignore[no-any-return]
           ~~~~~~~~~~~~~~~~~~~~~~~~~~~~~~~~~~~~~~~~~~~~~~~~~~~~^^^^^^^^^^^^^
  File "/home/bhavin/Desktop/kunj/safesql-lab/app/routes/vulnerable.py", line 53, in login
    log_exercise_attempt('login_basic', f"username={username}, password={password}", False)
    ~~~~~~~~~~~~~~~~~~~~^^^^^^^^^^^^^^^^^^^^^^^^^^^^^^^^^^^^^^^^^^^^^^^^^^^^^^^^^^^^^^^^^^^
  File "/home/bhavin/Desktop/kunj/safesql-lab/app/routes/vulnerable.py", line 19, in log_exercise_attempt
    db.session.commit()
    ~~~~~~~~~~~~~~~~~^^
  File "/home/bhavin/Desktop/projectgrocery (2)/pyapp/.venv/lib/python3.13/site-packages/sqlalchemy/orm/scoping.py", line 599, in commit
    return self._proxied.commit()
           ~~~~~~~~~~~~~~~~~~~~^^
  File "/home/bhavin/Desktop/projectgrocery (2)/pyapp/.venv/lib/python3.13/site-packages/sqlalchemy/orm/session.py", line 2032, in commit
    trans.commit(_to_root=True)
    ~~~~~~~~~~~~^^^^^^^^^^^^^^^
  File "<string>", line 2, in commit
  File "/home/bhavin/Desktop/projectgrocery (2)/pyapp/.venv/lib/python3.13/site-packages/sqlalchemy/orm/state_changes.py", line 137, in _go
    ret_value = fn(self, *arg, **kw)
  File "/home/bhavin/Desktop/projectgrocery (2)/pyapp/.venv/lib/python3.13/site-packages/sqlalchemy/orm/session.py", line 1313, in commit
    self._prepare_impl()
    ~~~~~~~~~~~~~~~~~~^^
  File "<string>", line 2, in _prepare_impl
  File "/home/bhavin/Desktop/projectgrocery (2)/pyapp/.venv/lib/python3.13/site-packages/sqlalchemy/orm/state_changes.py", line 137, in _go
    ret_value = fn(self, *arg, **kw)
  File "/home/bhavin/Desktop/projectgrocery (2)/pyapp/.venv/lib/python3.13/site-packages/sqlalchemy/orm/session.py", line 1288, in _prepare_impl
    self.session.flush()
    ~~~~~~~~~~~~~~~~~~^^
  File "/home/bhavin/Desktop/projectgrocery (2)/pyapp/.venv/lib/python3.13/site-packages/sqlalchemy/orm/session.py", line 4345, in flush
    self._flush(objects)
    ~~~~~~~~~~~^^^^^^^^^
  File "/home/bhavin/Desktop/projectgrocery (2)/pyapp/.venv/lib/python3.13/site-packages/sqlalchemy/orm/session.py", line 4480, in _flush
    with util.safe_reraise():
         ~~~~~~~~~~~~~~~~~^^
  File "/home/bhavin/Desktop/projectgrocery (2)/pyapp/.venv/lib/python3.13/site-packages/sqlalchemy/util/langhelpers.py", line 224, in __exit__
    raise exc_value.with_traceback(exc_tb)
  File "/home/bhavin/Desktop/projectgrocery (2)/pyapp/.venv/lib/python3.13/site-packages/sqlalchemy/orm/session.py", line 4441, in _flush
    flush_context.execute()
    ~~~~~~~~~~~~~~~~~~~~~^^
  File "/home/bhavin/Desktop/projectgrocery (2)/pyapp/.venv/lib/python3.13/site-packages/sqlalchemy/orm/unitofwork.py", line 466, in execute
    rec.execute(self)
    ~~~~~~~~~~~^^^^^^
  File "/home/bhavin/Desktop/projectgrocery (2)/pyapp/.venv/lib/python3.13/site-packages/sqlalchemy/orm/unitofwork.py", line 642, in execute
    util.preloaded.orm_persistence.save_obj(
    ~~~~~~~~~~~~~~~~~~~~~~~~~~~~~~~~~~~~~~~^
        self.mapper,
        ^^^^^^^^^^^^
        uow.states_for_mapper_hierarchy(self.mapper, False, False),
        ^^^^^^^^^^^^^^^^^^^^^^^^^^^^^^^^^^^^^^^^^^^^^^^^^^^^^^^^^^^
        uow,
        ^^^^
    )
    ^
  File "/home/bhavin/Desktop/projectgrocery (2)/pyapp/.venv/lib/python3.13/site-packages/sqlalchemy/orm/persistence.py", line 93, in save_obj
    _emit_insert_statements(
    ~~~~~~~~~~~~~~~~~~~~~~~^
        base_mapper,
        ^^^^^^^^^^^^
    ...<3 lines>...
        insert,
        ^^^^^^^
    )
    ^
  File "/home/bhavin/Desktop/projectgrocery (2)/pyapp/.venv/lib/python3.13/site-packages/sqlalchemy/orm/persistence.py", line 1233, in _emit_insert_statements
    result = connection.execute(
        statement,
        params,
        execution_options=execution_options,
    )
  File "/home/bhavin/Desktop/projectgrocery (2)/pyapp/.venv/lib/python3.13/site-packages/sqlalchemy/engine/base.py", line 1419, in execute
    return meth(
        self,
        distilled_parameters,
        execution_options or NO_OPTIONS,
    )
  File "/home/bhavin/Desktop/projectgrocery (2)/pyapp/.venv/lib/python3.13/site-packages/sqlalchemy/sql/elements.py", line 526, in _execute_on_connection
    return connection._execute_clauseelement(
           ~~~~~~~~~~~~~~~~~~~~~~~~~~~~~~~~~^
        self, distilled_params, execution_options
        ^^^^^^^^^^^^^^^^^^^^^^^^^^^^^^^^^^^^^^^^^
    )
    ^
  File "/home/bhavin/Desktop/projectgrocery (2)/pyapp/.venv/lib/python3.13/site-packages/sqlalchemy/engine/base.py", line 1641, in _execute_clauseelement
    ret = self._execute_context(
        dialect,
    ...<8 lines>...
        cache_hit=cache_hit,
    )
  File "/home/bhavin/Desktop/projectgrocery (2)/pyapp/.venv/lib/python3.13/site-packages/sqlalchemy/engine/base.py", line 1846, in _execute_context
    return self._exec_single_context(
           ~~~~~~~~~~~~~~~~~~~~~~~~~^
        dialect, context, statement, parameters
        ^^^^^^^^^^^^^^^^^^^^^^^^^^^^^^^^^^^^^^^
    )
    ^
  File "/home/bhavin/Desktop/projectgrocery (2)/pyapp/.venv/lib/python3.13/site-packages/sqlalchemy/engine/base.py", line 1986, in _exec_single_context
    self._handle_dbapi_exception(
    ~~~~~~~~~~~~~~~~~~~~~~~~~~~~^
        e, str_statement, effective_parameters, cursor, context
        ^^^^^^^^^^^^^^^^^^^^^^^^^^^^^^^^^^^^^^^^^^^^^^^^^^^^^^^
    )
    ^
  File "/home/bhavin/Desktop/projectgrocery (2)/pyapp/.venv/lib/python3.13/site-packages/sqlalchemy/engine/base.py", line 2355, in _handle_dbapi_exception
    raise sqlalchemy_exception.with_traceback(exc_info[2]) from e
  File "/home/bhavin/Desktop/projectgrocery (2)/pyapp/.venv/lib/python3.13/site-packages/sqlalchemy/engine/base.py", line 1967, in _exec_single_context
    self.dialect.do_execute(
    ~~~~~~~~~~~~~~~~~~~~~~~^
        cursor, str_statement, effective_parameters, context
        ^^^^^^^^^^^^^^^^^^^^^^^^^^^^^^^^^^^^^^^^^^^^^^^^^^^^
    )
    ^
  File "/home/bhavin/Desktop/projectgrocery (2)/pyapp/.venv/lib/python3.13/site-packages/sqlalchemy/engine/default.py", line 951, in do_execute
    cursor.execute(statement, parameters)
    ~~~~~~~~~~~~~~^^^^^^^^^^^^^^^^^^^^^^^
sqlalchemy.exc.OperationalError: (sqlite3.OperationalError) database is locked
[SQL: INSERT INTO exercise_logs (exercise_name, user_input, success, timestamp, ip_address) VALUES (?, ?, ?, ?, ?)]
[parameters: ('login_basic', "username=erwte, password=' or 1=1--", 0, '2025-10-14 05:09:22.883049', '127.0.0.1')]
(Background on this error at: https://sqlalche.me/e/20/e3q8)
2025-10-14 10:39:28,071 - app - ERROR - Exception on /vulnerable/login [POST]
Traceback (most recent call last):
  File "/home/bhavin/Desktop/kunj/safesql-lab/app/routes/vulnerable.py", line 37, in login
    cursor.execute(query)
    ~~~~~~~~~~~~~~^^^^^^^
sqlite3.OperationalError: database is locked

During handling of the above exception, another exception occurred:

Traceback (most recent call last):
  File "/home/bhavin/Desktop/projectgrocery (2)/pyapp/.venv/lib/python3.13/site-packages/sqlalchemy/engine/base.py", line 1967, in _exec_single_context
    self.dialect.do_execute(
    ~~~~~~~~~~~~~~~~~~~~~~~^
        cursor, str_statement, effective_parameters, context
        ^^^^^^^^^^^^^^^^^^^^^^^^^^^^^^^^^^^^^^^^^^^^^^^^^^^^
    )
    ^
  File "/home/bhavin/Desktop/projectgrocery (2)/pyapp/.venv/lib/python3.13/site-packages/sqlalchemy/engine/default.py", line 951, in do_execute
    cursor.execute(statement, parameters)
    ~~~~~~~~~~~~~~^^^^^^^^^^^^^^^^^^^^^^^
sqlite3.OperationalError: database is locked

The above exception was the direct cause of the following exception:

Traceback (most recent call last):
  File "/home/bhavin/Desktop/projectgrocery (2)/pyapp/.venv/lib/python3.13/site-packages/flask/app.py", line 1511, in wsgi_app
    response = self.full_dispatch_request()
  File "/home/bhavin/Desktop/projectgrocery (2)/pyapp/.venv/lib/python3.13/site-packages/flask/app.py", line 919, in full_dispatch_request
    rv = self.handle_user_exception(e)
  File "/home/bhavin/Desktop/projectgrocery (2)/pyapp/.venv/lib/python3.13/site-packages/flask/app.py", line 917, in full_dispatch_request
    rv = self.dispatch_request()
  File "/home/bhavin/Desktop/projectgrocery (2)/pyapp/.venv/lib/python3.13/site-packages/flask/app.py", line 902, in dispatch_request
    return self.ensure_sync(self.view_functions[rule.endpoint])(**view_args)  # type: ignore[no-any-return]
           ~~~~~~~~~~~~~~~~~~~~~~~~~~~~~~~~~~~~~~~~~~~~~~~~~~~~^^^^^^^^^^^^^
  File "/home/bhavin/Desktop/kunj/safesql-lab/app/routes/vulnerable.py", line 53, in login
    log_exercise_attempt('login_basic', f"username={username}, password={password}", False)
    ~~~~~~~~~~~~~~~~~~~~^^^^^^^^^^^^^^^^^^^^^^^^^^^^^^^^^^^^^^^^^^^^^^^^^^^^^^^^^^^^^^^^^^^
  File "/home/bhavin/Desktop/kunj/safesql-lab/app/routes/vulnerable.py", line 19, in log_exercise_attempt
    db.session.commit()
    ~~~~~~~~~~~~~~~~~^^
  File "/home/bhavin/Desktop/projectgrocery (2)/pyapp/.venv/lib/python3.13/site-packages/sqlalchemy/orm/scoping.py", line 599, in commit
    return self._proxied.commit()
           ~~~~~~~~~~~~~~~~~~~~^^
  File "/home/bhavin/Desktop/projectgrocery (2)/pyapp/.venv/lib/python3.13/site-packages/sqlalchemy/orm/session.py", line 2032, in commit
    trans.commit(_to_root=True)
    ~~~~~~~~~~~~^^^^^^^^^^^^^^^
  File "<string>", line 2, in commit
  File "/home/bhavin/Desktop/projectgrocery (2)/pyapp/.venv/lib/python3.13/site-packages/sqlalchemy/orm/state_changes.py", line 137, in _go
    ret_value = fn(self, *arg, **kw)
  File "/home/bhavin/Desktop/projectgrocery (2)/pyapp/.venv/lib/python3.13/site-packages/sqlalchemy/orm/session.py", line 1313, in commit
    self._prepare_impl()
    ~~~~~~~~~~~~~~~~~~^^
  File "<string>", line 2, in _prepare_impl
  File "/home/bhavin/Desktop/projectgrocery (2)/pyapp/.venv/lib/python3.13/site-packages/sqlalchemy/orm/state_changes.py", line 137, in _go
    ret_value = fn(self, *arg, **kw)
  File "/home/bhavin/Desktop/projectgrocery (2)/pyapp/.venv/lib/python3.13/site-packages/sqlalchemy/orm/session.py", line 1288, in _prepare_impl
    self.session.flush()
    ~~~~~~~~~~~~~~~~~~^^
  File "/home/bhavin/Desktop/projectgrocery (2)/pyapp/.venv/lib/python3.13/site-packages/sqlalchemy/orm/session.py", line 4345, in flush
    self._flush(objects)
    ~~~~~~~~~~~^^^^^^^^^
  File "/home/bhavin/Desktop/projectgrocery (2)/pyapp/.venv/lib/python3.13/site-packages/sqlalchemy/orm/session.py", line 4480, in _flush
    with util.safe_reraise():
         ~~~~~~~~~~~~~~~~~^^
  File "/home/bhavin/Desktop/projectgrocery (2)/pyapp/.venv/lib/python3.13/site-packages/sqlalchemy/util/langhelpers.py", line 224, in __exit__
    raise exc_value.with_traceback(exc_tb)
  File "/home/bhavin/Desktop/projectgrocery (2)/pyapp/.venv/lib/python3.13/site-packages/sqlalchemy/orm/session.py", line 4441, in _flush
    flush_context.execute()
    ~~~~~~~~~~~~~~~~~~~~~^^
  File "/home/bhavin/Desktop/projectgrocery (2)/pyapp/.venv/lib/python3.13/site-packages/sqlalchemy/orm/unitofwork.py", line 466, in execute
    rec.execute(self)
    ~~~~~~~~~~~^^^^^^
  File "/home/bhavin/Desktop/projectgrocery (2)/pyapp/.venv/lib/python3.13/site-packages/sqlalchemy/orm/unitofwork.py", line 642, in execute
    util.preloaded.orm_persistence.save_obj(
    ~~~~~~~~~~~~~~~~~~~~~~~~~~~~~~~~~~~~~~~^
        self.mapper,
        ^^^^^^^^^^^^
        uow.states_for_mapper_hierarchy(self.mapper, False, False),
        ^^^^^^^^^^^^^^^^^^^^^^^^^^^^^^^^^^^^^^^^^^^^^^^^^^^^^^^^^^^
        uow,
        ^^^^
    )
    ^
  File "/home/bhavin/Desktop/projectgrocery (2)/pyapp/.venv/lib/python3.13/site-packages/sqlalchemy/orm/persistence.py", line 93, in save_obj
    _emit_insert_statements(
    ~~~~~~~~~~~~~~~~~~~~~~~^
        base_mapper,
        ^^^^^^^^^^^^
    ...<3 lines>...
        insert,
        ^^^^^^^
    )
    ^
  File "/home/bhavin/Desktop/projectgrocery (2)/pyapp/.venv/lib/python3.13/site-packages/sqlalchemy/orm/persistence.py", line 1233, in _emit_insert_statements
    result = connection.execute(
        statement,
        params,
        execution_options=execution_options,
    )
  File "/home/bhavin/Desktop/projectgrocery (2)/pyapp/.venv/lib/python3.13/site-packages/sqlalchemy/engine/base.py", line 1419, in execute
    return meth(
        self,
        distilled_parameters,
        execution_options or NO_OPTIONS,
    )
  File "/home/bhavin/Desktop/projectgrocery (2)/pyapp/.venv/lib/python3.13/site-packages/sqlalchemy/sql/elements.py", line 526, in _execute_on_connection
    return connection._execute_clauseelement(
           ~~~~~~~~~~~~~~~~~~~~~~~~~~~~~~~~~^
        self, distilled_params, execution_options
        ^^^^^^^^^^^^^^^^^^^^^^^^^^^^^^^^^^^^^^^^^
    )
    ^
  File "/home/bhavin/Desktop/projectgrocery (2)/pyapp/.venv/lib/python3.13/site-packages/sqlalchemy/engine/base.py", line 1641, in _execute_clauseelement
    ret = self._execute_context(
        dialect,
    ...<8 lines>...
        cache_hit=cache_hit,
    )
  File "/home/bhavin/Desktop/projectgrocery (2)/pyapp/.venv/lib/python3.13/site-packages/sqlalchemy/engine/base.py", line 1846, in _execute_context
    return self._exec_single_context(
           ~~~~~~~~~~~~~~~~~~~~~~~~~^
        dialect, context, statement, parameters
        ^^^^^^^^^^^^^^^^^^^^^^^^^^^^^^^^^^^^^^^
    )
    ^
  File "/home/bhavin/Desktop/projectgrocery (2)/pyapp/.venv/lib/python3.13/site-packages/sqlalchemy/engine/base.py", line 1986, in _exec_single_context
    self._handle_dbapi_exception(
    ~~~~~~~~~~~~~~~~~~~~~~~~~~~~^
        e, str_statement, effective_parameters, cursor, context
        ^^^^^^^^^^^^^^^^^^^^^^^^^^^^^^^^^^^^^^^^^^^^^^^^^^^^^^^
    )
    ^
  File "/home/bhavin/Desktop/projectgrocery (2)/pyapp/.venv/lib/python3.13/site-packages/sqlalchemy/engine/base.py", line 2355, in _handle_dbapi_exception
    raise sqlalchemy_exception.with_traceback(exc_info[2]) from e
  File "/home/bhavin/Desktop/projectgrocery (2)/pyapp/.venv/lib/python3.13/site-packages/sqlalchemy/engine/base.py", line 1967, in _exec_single_context
    self.dialect.do_execute(
    ~~~~~~~~~~~~~~~~~~~~~~~^
        cursor, str_statement, effective_parameters, context
        ^^^^^^^^^^^^^^^^^^^^^^^^^^^^^^^^^^^^^^^^^^^^^^^^^^^^
    )
    ^
  File "/home/bhavin/Desktop/projectgrocery (2)/pyapp/.venv/lib/python3.13/site-packages/sqlalchemy/engine/default.py", line 951, in do_execute
    cursor.execute(statement, parameters)
    ~~~~~~~~~~~~~~^^^^^^^^^^^^^^^^^^^^^^^
sqlalchemy.exc.OperationalError: (sqlite3.OperationalError) database is locked
[SQL: INSERT INTO exercise_logs (exercise_name, user_input, success, timestamp, ip_address) VALUES (?, ?, ?, ?, ?)]
[parameters: ('login_basic', "username=erwte, password=' or 1=1--", 0, '2025-10-14 05:09:23.065529', '127.0.0.1')]
(Background on this error at: https://sqlalche.me/e/20/e3q8)
2025-10-14 10:39:29,264 - app - ERROR - Exception on /vulnerable/login [POST]
Traceback (most recent call last):
  File "/home/bhavin/Desktop/kunj/safesql-lab/app/routes/vulnerable.py", line 37, in login
    cursor.execute(query)
    ~~~~~~~~~~~~~~^^^^^^^
sqlite3.OperationalError: database is locked

During handling of the above exception, another exception occurred:

Traceback (most recent call last):
  File "/home/bhavin/Desktop/projectgrocery (2)/pyapp/.venv/lib/python3.13/site-packages/sqlalchemy/engine/base.py", line 1967, in _exec_single_context
    self.dialect.do_execute(
    ~~~~~~~~~~~~~~~~~~~~~~~^
        cursor, str_statement, effective_parameters, context
        ^^^^^^^^^^^^^^^^^^^^^^^^^^^^^^^^^^^^^^^^^^^^^^^^^^^^
    )
    ^
  File "/home/bhavin/Desktop/projectgrocery (2)/pyapp/.venv/lib/python3.13/site-packages/sqlalchemy/engine/default.py", line 951, in do_execute
    cursor.execute(statement, parameters)
    ~~~~~~~~~~~~~~^^^^^^^^^^^^^^^^^^^^^^^
sqlite3.OperationalError: database is locked

The above exception was the direct cause of the following exception:

Traceback (most recent call last):
  File "/home/bhavin/Desktop/projectgrocery (2)/pyapp/.venv/lib/python3.13/site-packages/flask/app.py", line 1511, in wsgi_app
    response = self.full_dispatch_request()
  File "/home/bhavin/Desktop/projectgrocery (2)/pyapp/.venv/lib/python3.13/site-packages/flask/app.py", line 919, in full_dispatch_request
    rv = self.handle_user_exception(e)
  File "/home/bhavin/Desktop/projectgrocery (2)/pyapp/.venv/lib/python3.13/site-packages/flask/app.py", line 917, in full_dispatch_request
    rv = self.dispatch_request()
  File "/home/bhavin/Desktop/projectgrocery (2)/pyapp/.venv/lib/python3.13/site-packages/flask/app.py", line 902, in dispatch_request
    return self.ensure_sync(self.view_functions[rule.endpoint])(**view_args)  # type: ignore[no-any-return]
           ~~~~~~~~~~~~~~~~~~~~~~~~~~~~~~~~~~~~~~~~~~~~~~~~~~~~^^^^^^^^^^^^^
  File "/home/bhavin/Desktop/kunj/safesql-lab/app/routes/vulnerable.py", line 53, in login
    log_exercise_attempt('login_basic', f"username={username}, password={password}", False)
    ~~~~~~~~~~~~~~~~~~~~^^^^^^^^^^^^^^^^^^^^^^^^^^^^^^^^^^^^^^^^^^^^^^^^^^^^^^^^^^^^^^^^^^^
  File "/home/bhavin/Desktop/kunj/safesql-lab/app/routes/vulnerable.py", line 19, in log_exercise_attempt
    db.session.commit()
    ~~~~~~~~~~~~~~~~~^^
  File "/home/bhavin/Desktop/projectgrocery (2)/pyapp/.venv/lib/python3.13/site-packages/sqlalchemy/orm/scoping.py", line 599, in commit
    return self._proxied.commit()
           ~~~~~~~~~~~~~~~~~~~~^^
  File "/home/bhavin/Desktop/projectgrocery (2)/pyapp/.venv/lib/python3.13/site-packages/sqlalchemy/orm/session.py", line 2032, in commit
    trans.commit(_to_root=True)
    ~~~~~~~~~~~~^^^^^^^^^^^^^^^
  File "<string>", line 2, in commit
  File "/home/bhavin/Desktop/projectgrocery (2)/pyapp/.venv/lib/python3.13/site-packages/sqlalchemy/orm/state_changes.py", line 137, in _go
    ret_value = fn(self, *arg, **kw)
  File "/home/bhavin/Desktop/projectgrocery (2)/pyapp/.venv/lib/python3.13/site-packages/sqlalchemy/orm/session.py", line 1313, in commit
    self._prepare_impl()
    ~~~~~~~~~~~~~~~~~~^^
  File "<string>", line 2, in _prepare_impl
  File "/home/bhavin/Desktop/projectgrocery (2)/pyapp/.venv/lib/python3.13/site-packages/sqlalchemy/orm/state_changes.py", line 137, in _go
    ret_value = fn(self, *arg, **kw)
  File "/home/bhavin/Desktop/projectgrocery (2)/pyapp/.venv/lib/python3.13/site-packages/sqlalchemy/orm/session.py", line 1288, in _prepare_impl
    self.session.flush()
    ~~~~~~~~~~~~~~~~~~^^
  File "/home/bhavin/Desktop/projectgrocery (2)/pyapp/.venv/lib/python3.13/site-packages/sqlalchemy/orm/session.py", line 4345, in flush
    self._flush(objects)
    ~~~~~~~~~~~^^^^^^^^^
  File "/home/bhavin/Desktop/projectgrocery (2)/pyapp/.venv/lib/python3.13/site-packages/sqlalchemy/orm/session.py", line 4480, in _flush
    with util.safe_reraise():
         ~~~~~~~~~~~~~~~~~^^
  File "/home/bhavin/Desktop/projectgrocery (2)/pyapp/.venv/lib/python3.13/site-packages/sqlalchemy/util/langhelpers.py", line 224, in __exit__
    raise exc_value.with_traceback(exc_tb)
  File "/home/bhavin/Desktop/projectgrocery (2)/pyapp/.venv/lib/python3.13/site-packages/sqlalchemy/orm/session.py", line 4441, in _flush
    flush_context.execute()
    ~~~~~~~~~~~~~~~~~~~~~^^
  File "/home/bhavin/Desktop/projectgrocery (2)/pyapp/.venv/lib/python3.13/site-packages/sqlalchemy/orm/unitofwork.py", line 466, in execute
    rec.execute(self)
    ~~~~~~~~~~~^^^^^^
  File "/home/bhavin/Desktop/projectgrocery (2)/pyapp/.venv/lib/python3.13/site-packages/sqlalchemy/orm/unitofwork.py", line 642, in execute
    util.preloaded.orm_persistence.save_obj(
    ~~~~~~~~~~~~~~~~~~~~~~~~~~~~~~~~~~~~~~~^
        self.mapper,
        ^^^^^^^^^^^^
        uow.states_for_mapper_hierarchy(self.mapper, False, False),
        ^^^^^^^^^^^^^^^^^^^^^^^^^^^^^^^^^^^^^^^^^^^^^^^^^^^^^^^^^^^
        uow,
        ^^^^
    )
    ^
  File "/home/bhavin/Desktop/projectgrocery (2)/pyapp/.venv/lib/python3.13/site-packages/sqlalchemy/orm/persistence.py", line 93, in save_obj
    _emit_insert_statements(
    ~~~~~~~~~~~~~~~~~~~~~~~^
        base_mapper,
        ^^^^^^^^^^^^
    ...<3 lines>...
        insert,
        ^^^^^^^
    )
    ^
  File "/home/bhavin/Desktop/projectgrocery (2)/pyapp/.venv/lib/python3.13/site-packages/sqlalchemy/orm/persistence.py", line 1233, in _emit_insert_statements
    result = connection.execute(
        statement,
        params,
        execution_options=execution_options,
    )
  File "/home/bhavin/Desktop/projectgrocery (2)/pyapp/.venv/lib/python3.13/site-packages/sqlalchemy/engine/base.py", line 1419, in execute
    return meth(
        self,
        distilled_parameters,
        execution_options or NO_OPTIONS,
    )
  File "/home/bhavin/Desktop/projectgrocery (2)/pyapp/.venv/lib/python3.13/site-packages/sqlalchemy/sql/elements.py", line 526, in _execute_on_connection
    return connection._execute_clauseelement(
           ~~~~~~~~~~~~~~~~~~~~~~~~~~~~~~~~~^
        self, distilled_params, execution_options
        ^^^^^^^^^^^^^^^^^^^^^^^^^^^^^^^^^^^^^^^^^
    )
    ^
  File "/home/bhavin/Desktop/projectgrocery (2)/pyapp/.venv/lib/python3.13/site-packages/sqlalchemy/engine/base.py", line 1641, in _execute_clauseelement
    ret = self._execute_context(
        dialect,
    ...<8 lines>...
        cache_hit=cache_hit,
    )
  File "/home/bhavin/Desktop/projectgrocery (2)/pyapp/.venv/lib/python3.13/site-packages/sqlalchemy/engine/base.py", line 1846, in _execute_context
    return self._exec_single_context(
           ~~~~~~~~~~~~~~~~~~~~~~~~~^
        dialect, context, statement, parameters
        ^^^^^^^^^^^^^^^^^^^^^^^^^^^^^^^^^^^^^^^
    )
    ^
  File "/home/bhavin/Desktop/projectgrocery (2)/pyapp/.venv/lib/python3.13/site-packages/sqlalchemy/engine/base.py", line 1986, in _exec_single_context
    self._handle_dbapi_exception(
    ~~~~~~~~~~~~~~~~~~~~~~~~~~~~^
        e, str_statement, effective_parameters, cursor, context
        ^^^^^^^^^^^^^^^^^^^^^^^^^^^^^^^^^^^^^^^^^^^^^^^^^^^^^^^
    )
    ^
  File "/home/bhavin/Desktop/projectgrocery (2)/pyapp/.venv/lib/python3.13/site-packages/sqlalchemy/engine/base.py", line 2355, in _handle_dbapi_exception
    raise sqlalchemy_exception.with_traceback(exc_info[2]) from e
  File "/home/bhavin/Desktop/projectgrocery (2)/pyapp/.venv/lib/python3.13/site-packages/sqlalchemy/engine/base.py", line 1967, in _exec_single_context
    self.dialect.do_execute(
    ~~~~~~~~~~~~~~~~~~~~~~~^
        cursor, str_statement, effective_parameters, context
        ^^^^^^^^^^^^^^^^^^^^^^^^^^^^^^^^^^^^^^^^^^^^^^^^^^^^
    )
    ^
  File "/home/bhavin/Desktop/projectgrocery (2)/pyapp/.venv/lib/python3.13/site-packages/sqlalchemy/engine/default.py", line 951, in do_execute
    cursor.execute(statement, parameters)
    ~~~~~~~~~~~~~~^^^^^^^^^^^^^^^^^^^^^^^
sqlalchemy.exc.OperationalError: (sqlite3.OperationalError) database is locked
[SQL: INSERT INTO exercise_logs (exercise_name, user_input, success, timestamp, ip_address) VALUES (?, ?, ?, ?, ?)]
[parameters: ('login_basic', "username=erwte, password=' or 1=1--", 0, '2025-10-14 05:09:24.258550', '127.0.0.1')]
(Background on this error at: https://sqlalche.me/e/20/e3q8)
2025-10-14 10:39:29,755 - app - ERROR - Exception on /vulnerable/login [POST]
Traceback (most recent call last):
  File "/home/bhavin/Desktop/kunj/safesql-lab/app/routes/vulnerable.py", line 37, in login
    cursor.execute(query)
    ~~~~~~~~~~~~~~^^^^^^^
sqlite3.OperationalError: database is locked

During handling of the above exception, another exception occurred:

Traceback (most recent call last):
  File "/home/bhavin/Desktop/projectgrocery (2)/pyapp/.venv/lib/python3.13/site-packages/sqlalchemy/engine/base.py", line 1967, in _exec_single_context
    self.dialect.do_execute(
    ~~~~~~~~~~~~~~~~~~~~~~~^
        cursor, str_statement, effective_parameters, context
        ^^^^^^^^^^^^^^^^^^^^^^^^^^^^^^^^^^^^^^^^^^^^^^^^^^^^
    )
    ^
  File "/home/bhavin/Desktop/projectgrocery (2)/pyapp/.venv/lib/python3.13/site-packages/sqlalchemy/engine/default.py", line 951, in do_execute
    cursor.execute(statement, parameters)
    ~~~~~~~~~~~~~~^^^^^^^^^^^^^^^^^^^^^^^
sqlite3.OperationalError: database is locked

The above exception was the direct cause of the following exception:

Traceback (most recent call last):
  File "/home/bhavin/Desktop/projectgrocery (2)/pyapp/.venv/lib/python3.13/site-packages/flask/app.py", line 1511, in wsgi_app
    response = self.full_dispatch_request()
  File "/home/bhavin/Desktop/projectgrocery (2)/pyapp/.venv/lib/python3.13/site-packages/flask/app.py", line 919, in full_dispatch_request
    rv = self.handle_user_exception(e)
  File "/home/bhavin/Desktop/projectgrocery (2)/pyapp/.venv/lib/python3.13/site-packages/flask/app.py", line 917, in full_dispatch_request
    rv = self.dispatch_request()
  File "/home/bhavin/Desktop/projectgrocery (2)/pyapp/.venv/lib/python3.13/site-packages/flask/app.py", line 902, in dispatch_request
    return self.ensure_sync(self.view_functions[rule.endpoint])(**view_args)  # type: ignore[no-any-return]
           ~~~~~~~~~~~~~~~~~~~~~~~~~~~~~~~~~~~~~~~~~~~~~~~~~~~~^^^^^^^^^^^^^
  File "/home/bhavin/Desktop/kunj/safesql-lab/app/routes/vulnerable.py", line 53, in login
    log_exercise_attempt('login_basic', f"username={username}, password={password}", False)
    ~~~~~~~~~~~~~~~~~~~~^^^^^^^^^^^^^^^^^^^^^^^^^^^^^^^^^^^^^^^^^^^^^^^^^^^^^^^^^^^^^^^^^^^
  File "/home/bhavin/Desktop/kunj/safesql-lab/app/routes/vulnerable.py", line 19, in log_exercise_attempt
    db.session.commit()
    ~~~~~~~~~~~~~~~~~^^
  File "/home/bhavin/Desktop/projectgrocery (2)/pyapp/.venv/lib/python3.13/site-packages/sqlalchemy/orm/scoping.py", line 599, in commit
    return self._proxied.commit()
           ~~~~~~~~~~~~~~~~~~~~^^
  File "/home/bhavin/Desktop/projectgrocery (2)/pyapp/.venv/lib/python3.13/site-packages/sqlalchemy/orm/session.py", line 2032, in commit
    trans.commit(_to_root=True)
    ~~~~~~~~~~~~^^^^^^^^^^^^^^^
  File "<string>", line 2, in commit
  File "/home/bhavin/Desktop/projectgrocery (2)/pyapp/.venv/lib/python3.13/site-packages/sqlalchemy/orm/state_changes.py", line 137, in _go
    ret_value = fn(self, *arg, **kw)
  File "/home/bhavin/Desktop/projectgrocery (2)/pyapp/.venv/lib/python3.13/site-packages/sqlalchemy/orm/session.py", line 1313, in commit
    self._prepare_impl()
    ~~~~~~~~~~~~~~~~~~^^
  File "<string>", line 2, in _prepare_impl
  File "/home/bhavin/Desktop/projectgrocery (2)/pyapp/.venv/lib/python3.13/site-packages/sqlalchemy/orm/state_changes.py", line 137, in _go
    ret_value = fn(self, *arg, **kw)
  File "/home/bhavin/Desktop/projectgrocery (2)/pyapp/.venv/lib/python3.13/site-packages/sqlalchemy/orm/session.py", line 1288, in _prepare_impl
    self.session.flush()
    ~~~~~~~~~~~~~~~~~~^^
  File "/home/bhavin/Desktop/projectgrocery (2)/pyapp/.venv/lib/python3.13/site-packages/sqlalchemy/orm/session.py", line 4345, in flush
    self._flush(objects)
    ~~~~~~~~~~~^^^^^^^^^
  File "/home/bhavin/Desktop/projectgrocery (2)/pyapp/.venv/lib/python3.13/site-packages/sqlalchemy/orm/session.py", line 4480, in _flush
    with util.safe_reraise():
         ~~~~~~~~~~~~~~~~~^^
  File "/home/bhavin/Desktop/projectgrocery (2)/pyapp/.venv/lib/python3.13/site-packages/sqlalchemy/util/langhelpers.py", line 224, in __exit__
    raise exc_value.with_traceback(exc_tb)
  File "/home/bhavin/Desktop/projectgrocery (2)/pyapp/.venv/lib/python3.13/site-packages/sqlalchemy/orm/session.py", line 4441, in _flush
    flush_context.execute()
    ~~~~~~~~~~~~~~~~~~~~~^^
  File "/home/bhavin/Desktop/projectgrocery (2)/pyapp/.venv/lib/python3.13/site-packages/sqlalchemy/orm/unitofwork.py", line 466, in execute
    rec.execute(self)
    ~~~~~~~~~~~^^^^^^
  File "/home/bhavin/Desktop/projectgrocery (2)/pyapp/.venv/lib/python3.13/site-packages/sqlalchemy/orm/unitofwork.py", line 642, in execute
    util.preloaded.orm_persistence.save_obj(
    ~~~~~~~~~~~~~~~~~~~~~~~~~~~~~~~~~~~~~~~^
        self.mapper,
        ^^^^^^^^^^^^
        uow.states_for_mapper_hierarchy(self.mapper, False, False),
        ^^^^^^^^^^^^^^^^^^^^^^^^^^^^^^^^^^^^^^^^^^^^^^^^^^^^^^^^^^^
        uow,
        ^^^^
    )
    ^
  File "/home/bhavin/Desktop/projectgrocery (2)/pyapp/.venv/lib/python3.13/site-packages/sqlalchemy/orm/persistence.py", line 93, in save_obj
    _emit_insert_statements(
    ~~~~~~~~~~~~~~~~~~~~~~~^
        base_mapper,
        ^^^^^^^^^^^^
    ...<3 lines>...
        insert,
        ^^^^^^^
    )
    ^
  File "/home/bhavin/Desktop/projectgrocery (2)/pyapp/.venv/lib/python3.13/site-packages/sqlalchemy/orm/persistence.py", line 1233, in _emit_insert_statements
    result = connection.execute(
        statement,
        params,
        execution_options=execution_options,
    )
  File "/home/bhavin/Desktop/projectgrocery (2)/pyapp/.venv/lib/python3.13/site-packages/sqlalchemy/engine/base.py", line 1419, in execute
    return meth(
        self,
        distilled_parameters,
        execution_options or NO_OPTIONS,
    )
  File "/home/bhavin/Desktop/projectgrocery (2)/pyapp/.venv/lib/python3.13/site-packages/sqlalchemy/sql/elements.py", line 526, in _execute_on_connection
    return connection._execute_clauseelement(
           ~~~~~~~~~~~~~~~~~~~~~~~~~~~~~~~~~^
        self, distilled_params, execution_options
        ^^^^^^^^^^^^^^^^^^^^^^^^^^^^^^^^^^^^^^^^^
    )
    ^
  File "/home/bhavin/Desktop/projectgrocery (2)/pyapp/.venv/lib/python3.13/site-packages/sqlalchemy/engine/base.py", line 1641, in _execute_clauseelement
    ret = self._execute_context(
        dialect,
    ...<8 lines>...
        cache_hit=cache_hit,
    )
  File "/home/bhavin/Desktop/projectgrocery (2)/pyapp/.venv/lib/python3.13/site-packages/sqlalchemy/engine/base.py", line 1846, in _execute_context
    return self._exec_single_context(
           ~~~~~~~~~~~~~~~~~~~~~~~~~^
        dialect, context, statement, parameters
        ^^^^^^^^^^^^^^^^^^^^^^^^^^^^^^^^^^^^^^^
    )
    ^
  File "/home/bhavin/Desktop/projectgrocery (2)/pyapp/.venv/lib/python3.13/site-packages/sqlalchemy/engine/base.py", line 1986, in _exec_single_context
    self._handle_dbapi_exception(
    ~~~~~~~~~~~~~~~~~~~~~~~~~~~~^
        e, str_statement, effective_parameters, cursor, context
        ^^^^^^^^^^^^^^^^^^^^^^^^^^^^^^^^^^^^^^^^^^^^^^^^^^^^^^^
    )
    ^
  File "/home/bhavin/Desktop/projectgrocery (2)/pyapp/.venv/lib/python3.13/site-packages/sqlalchemy/engine/base.py", line 2355, in _handle_dbapi_exception
    raise sqlalchemy_exception.with_traceback(exc_info[2]) from e
  File "/home/bhavin/Desktop/projectgrocery (2)/pyapp/.venv/lib/python3.13/site-packages/sqlalchemy/engine/base.py", line 1967, in _exec_single_context
    self.dialect.do_execute(
    ~~~~~~~~~~~~~~~~~~~~~~~^
        cursor, str_statement, effective_parameters, context
        ^^^^^^^^^^^^^^^^^^^^^^^^^^^^^^^^^^^^^^^^^^^^^^^^^^^^
    )
    ^
  File "/home/bhavin/Desktop/projectgrocery (2)/pyapp/.venv/lib/python3.13/site-packages/sqlalchemy/engine/default.py", line 951, in do_execute
    cursor.execute(statement, parameters)
    ~~~~~~~~~~~~~~^^^^^^^^^^^^^^^^^^^^^^^
sqlalchemy.exc.OperationalError: (sqlite3.OperationalError) database is locked
[SQL: INSERT INTO exercise_logs (exercise_name, user_input, success, timestamp, ip_address) VALUES (?, ?, ?, ?, ?)]
[parameters: ('login_basic', "username=erwte, password=' or 1=1--", 0, '2025-10-14 05:09:24.744889', '127.0.0.1')]
(Background on this error at: https://sqlalche.me/e/20/e3q8)
2025-10-14 10:39:30,065 - app - ERROR - Exception on /vulnerable/login [POST]
Traceback (most recent call last):
  File "/home/bhavin/Desktop/projectgrocery (2)/pyapp/.venv/lib/python3.13/site-packages/sqlalchemy/engine/base.py", line 1145, in _commit_impl
    self.engine.dialect.do_commit(self.connection)
    ~~~~~~~~~~~~~~~~~~~~~~~~~~~~~^^^^^^^^^^^^^^^^^
  File "/home/bhavin/Desktop/projectgrocery (2)/pyapp/.venv/lib/python3.13/site-packages/sqlalchemy/engine/default.py", line 714, in do_commit
    dbapi_connection.commit()
    ~~~~~~~~~~~~~~~~~~~~~~~^^
sqlite3.OperationalError: database is locked

The above exception was the direct cause of the following exception:

Traceback (most recent call last):
  File "/home/bhavin/Desktop/kunj/safesql-lab/app/routes/vulnerable.py", line 46, in login
    log_exercise_attempt('login_basic', f"username={username}, password={password}", True)
    ~~~~~~~~~~~~~~~~~~~~^^^^^^^^^^^^^^^^^^^^^^^^^^^^^^^^^^^^^^^^^^^^^^^^^^^^^^^^^^^^^^^^^^
  File "/home/bhavin/Desktop/kunj/safesql-lab/app/routes/vulnerable.py", line 19, in log_exercise_attempt
    db.session.commit()
    ~~~~~~~~~~~~~~~~~^^
  File "/home/bhavin/Desktop/projectgrocery (2)/pyapp/.venv/lib/python3.13/site-packages/sqlalchemy/orm/scoping.py", line 599, in commit
    return self._proxied.commit()
           ~~~~~~~~~~~~~~~~~~~~^^
  File "/home/bhavin/Desktop/projectgrocery (2)/pyapp/.venv/lib/python3.13/site-packages/sqlalchemy/orm/session.py", line 2032, in commit
    trans.commit(_to_root=True)
    ~~~~~~~~~~~~^^^^^^^^^^^^^^^
  File "<string>", line 2, in commit
  File "/home/bhavin/Desktop/projectgrocery (2)/pyapp/.venv/lib/python3.13/site-packages/sqlalchemy/orm/state_changes.py", line 137, in _go
    ret_value = fn(self, *arg, **kw)
  File "/home/bhavin/Desktop/projectgrocery (2)/pyapp/.venv/lib/python3.13/site-packages/sqlalchemy/orm/session.py", line 1320, in commit
    trans.commit()
    ~~~~~~~~~~~~^^
  File "/home/bhavin/Desktop/projectgrocery (2)/pyapp/.venv/lib/python3.13/site-packages/sqlalchemy/engine/base.py", line 2632, in commit
    self._do_commit()
    ~~~~~~~~~~~~~~~^^
  File "/home/bhavin/Desktop/projectgrocery (2)/pyapp/.venv/lib/python3.13/site-packages/sqlalchemy/engine/base.py", line 2737, in _do_commit
    self._connection_commit_impl()
    ~~~~~~~~~~~~~~~~~~~~~~~~~~~~^^
  File "/home/bhavin/Desktop/projectgrocery (2)/pyapp/.venv/lib/python3.13/site-packages/sqlalchemy/engine/base.py", line 2708, in _connection_commit_impl
    self.connection._commit_impl()
    ~~~~~~~~~~~~~~~~~~~~~~~~~~~~^^
  File "/home/bhavin/Desktop/projectgrocery (2)/pyapp/.venv/lib/python3.13/site-packages/sqlalchemy/engine/base.py", line 1147, in _commit_impl
    self._handle_dbapi_exception(e, None, None, None, None)
    ~~~~~~~~~~~~~~~~~~~~~~~~~~~~^^^^^^^^^^^^^^^^^^^^^^^^^^^
  File "/home/bhavin/Desktop/projectgrocery (2)/pyapp/.venv/lib/python3.13/site-packages/sqlalchemy/engine/base.py", line 2355, in _handle_dbapi_exception
    raise sqlalchemy_exception.with_traceback(exc_info[2]) from e
  File "/home/bhavin/Desktop/projectgrocery (2)/pyapp/.venv/lib/python3.13/site-packages/sqlalchemy/engine/base.py", line 1145, in _commit_impl
    self.engine.dialect.do_commit(self.connection)
    ~~~~~~~~~~~~~~~~~~~~~~~~~~~~~^^^^^^^^^^^^^^^^^
  File "/home/bhavin/Desktop/projectgrocery (2)/pyapp/.venv/lib/python3.13/site-packages/sqlalchemy/engine/default.py", line 714, in do_commit
    dbapi_connection.commit()
    ~~~~~~~~~~~~~~~~~~~~~~~^^
sqlalchemy.exc.OperationalError: (sqlite3.OperationalError) database is locked
(Background on this error at: https://sqlalche.me/e/20/e3q8)

During handling of the above exception, another exception occurred:

Traceback (most recent call last):
  File "/home/bhavin/Desktop/projectgrocery (2)/pyapp/.venv/lib/python3.13/site-packages/flask/app.py", line 1511, in wsgi_app
    response = self.full_dispatch_request()
  File "/home/bhavin/Desktop/projectgrocery (2)/pyapp/.venv/lib/python3.13/site-packages/flask/app.py", line 919, in full_dispatch_request
    rv = self.handle_user_exception(e)
  File "/home/bhavin/Desktop/projectgrocery (2)/pyapp/.venv/lib/python3.13/site-packages/flask/app.py", line 917, in full_dispatch_request
    rv = self.dispatch_request()
  File "/home/bhavin/Desktop/projectgrocery (2)/pyapp/.venv/lib/python3.13/site-packages/flask/app.py", line 902, in dispatch_request
    return self.ensure_sync(self.view_functions[rule.endpoint])(**view_args)  # type: ignore[no-any-return]
           ~~~~~~~~~~~~~~~~~~~~~~~~~~~~~~~~~~~~~~~~~~~~~~~~~~~~^^^^^^^^^^^^^
  File "/home/bhavin/Desktop/kunj/safesql-lab/app/routes/vulnerable.py", line 53, in login
    log_exercise_attempt('login_basic', f"username={username}, password={password}", False)
    ~~~~~~~~~~~~~~~~~~~~^^^^^^^^^^^^^^^^^^^^^^^^^^^^^^^^^^^^^^^^^^^^^^^^^^^^^^^^^^^^^^^^^^^
  File "/home/bhavin/Desktop/kunj/safesql-lab/app/routes/vulnerable.py", line 19, in log_exercise_attempt
    db.session.commit()
    ~~~~~~~~~~~~~~~~~^^
  File "/home/bhavin/Desktop/projectgrocery (2)/pyapp/.venv/lib/python3.13/site-packages/sqlalchemy/orm/scoping.py", line 599, in commit
    return self._proxied.commit()
           ~~~~~~~~~~~~~~~~~~~~^^
  File "/home/bhavin/Desktop/projectgrocery (2)/pyapp/.venv/lib/python3.13/site-packages/sqlalchemy/orm/session.py", line 2032, in commit
    trans.commit(_to_root=True)
    ~~~~~~~~~~~~^^^^^^^^^^^^^^^
  File "<string>", line 2, in commit
  File "/home/bhavin/Desktop/projectgrocery (2)/pyapp/.venv/lib/python3.13/site-packages/sqlalchemy/orm/state_changes.py", line 137, in _go
    ret_value = fn(self, *arg, **kw)
  File "/home/bhavin/Desktop/projectgrocery (2)/pyapp/.venv/lib/python3.13/site-packages/sqlalchemy/orm/session.py", line 1320, in commit
    trans.commit()
    ~~~~~~~~~~~~^^
  File "/home/bhavin/Desktop/projectgrocery (2)/pyapp/.venv/lib/python3.13/site-packages/sqlalchemy/engine/base.py", line 2632, in commit
    self._do_commit()
    ~~~~~~~~~~~~~~~^^
  File "/home/bhavin/Desktop/projectgrocery (2)/pyapp/.venv/lib/python3.13/site-packages/sqlalchemy/engine/base.py", line 2753, in _do_commit
    self.connection._invalid_transaction()
    ~~~~~~~~~~~~~~~~~~~~~~~~~~~~~~~~~~~~^^
  File "/home/bhavin/Desktop/projectgrocery (2)/pyapp/.venv/lib/python3.13/site-packages/sqlalchemy/engine/base.py", line 663, in _invalid_transaction
    raise exc.PendingRollbackError(
    ...<4 lines>...
    )
sqlalchemy.exc.PendingRollbackError: Can't reconnect until invalid transaction is rolled back.  Please rollback() fully before proceeding (Background on this error at: https://sqlalche.me/e/20/8s2b)
2025-10-14 10:39:30,066 - app - ERROR - Exception on /vulnerable/login [POST]
Traceback (most recent call last):
  File "/home/bhavin/Desktop/kunj/safesql-lab/app/routes/vulnerable.py", line 37, in login
    cursor.execute(query)
    ~~~~~~~~~~~~~~^^^^^^^
sqlite3.OperationalError: database is locked

During handling of the above exception, another exception occurred:

Traceback (most recent call last):
  File "/home/bhavin/Desktop/projectgrocery (2)/pyapp/.venv/lib/python3.13/site-packages/sqlalchemy/engine/base.py", line 1967, in _exec_single_context
    self.dialect.do_execute(
    ~~~~~~~~~~~~~~~~~~~~~~~^
        cursor, str_statement, effective_parameters, context
        ^^^^^^^^^^^^^^^^^^^^^^^^^^^^^^^^^^^^^^^^^^^^^^^^^^^^
    )
    ^
  File "/home/bhavin/Desktop/projectgrocery (2)/pyapp/.venv/lib/python3.13/site-packages/sqlalchemy/engine/default.py", line 951, in do_execute
    cursor.execute(statement, parameters)
    ~~~~~~~~~~~~~~^^^^^^^^^^^^^^^^^^^^^^^
sqlite3.OperationalError: database is locked

The above exception was the direct cause of the following exception:

Traceback (most recent call last):
  File "/home/bhavin/Desktop/projectgrocery (2)/pyapp/.venv/lib/python3.13/site-packages/flask/app.py", line 1511, in wsgi_app
    response = self.full_dispatch_request()
  File "/home/bhavin/Desktop/projectgrocery (2)/pyapp/.venv/lib/python3.13/site-packages/flask/app.py", line 919, in full_dispatch_request
    rv = self.handle_user_exception(e)
  File "/home/bhavin/Desktop/projectgrocery (2)/pyapp/.venv/lib/python3.13/site-packages/flask/app.py", line 917, in full_dispatch_request
    rv = self.dispatch_request()
  File "/home/bhavin/Desktop/projectgrocery (2)/pyapp/.venv/lib/python3.13/site-packages/flask/app.py", line 902, in dispatch_request
    return self.ensure_sync(self.view_functions[rule.endpoint])(**view_args)  # type: ignore[no-any-return]
           ~~~~~~~~~~~~~~~~~~~~~~~~~~~~~~~~~~~~~~~~~~~~~~~~~~~~^^^^^^^^^^^^^
  File "/home/bhavin/Desktop/kunj/safesql-lab/app/routes/vulnerable.py", line 53, in login
    log_exercise_attempt('login_basic', f"username={username}, password={password}", False)
    ~~~~~~~~~~~~~~~~~~~~^^^^^^^^^^^^^^^^^^^^^^^^^^^^^^^^^^^^^^^^^^^^^^^^^^^^^^^^^^^^^^^^^^^
  File "/home/bhavin/Desktop/kunj/safesql-lab/app/routes/vulnerable.py", line 19, in log_exercise_attempt
    db.session.commit()
    ~~~~~~~~~~~~~~~~~^^
  File "/home/bhavin/Desktop/projectgrocery (2)/pyapp/.venv/lib/python3.13/site-packages/sqlalchemy/orm/scoping.py", line 599, in commit
    return self._proxied.commit()
           ~~~~~~~~~~~~~~~~~~~~^^
  File "/home/bhavin/Desktop/projectgrocery (2)/pyapp/.venv/lib/python3.13/site-packages/sqlalchemy/orm/session.py", line 2032, in commit
    trans.commit(_to_root=True)
    ~~~~~~~~~~~~^^^^^^^^^^^^^^^
  File "<string>", line 2, in commit
  File "/home/bhavin/Desktop/projectgrocery (2)/pyapp/.venv/lib/python3.13/site-packages/sqlalchemy/orm/state_changes.py", line 137, in _go
    ret_value = fn(self, *arg, **kw)
  File "/home/bhavin/Desktop/projectgrocery (2)/pyapp/.venv/lib/python3.13/site-packages/sqlalchemy/orm/session.py", line 1313, in commit
    self._prepare_impl()
    ~~~~~~~~~~~~~~~~~~^^
  File "<string>", line 2, in _prepare_impl
  File "/home/bhavin/Desktop/projectgrocery (2)/pyapp/.venv/lib/python3.13/site-packages/sqlalchemy/orm/state_changes.py", line 137, in _go
    ret_value = fn(self, *arg, **kw)
  File "/home/bhavin/Desktop/projectgrocery (2)/pyapp/.venv/lib/python3.13/site-packages/sqlalchemy/orm/session.py", line 1288, in _prepare_impl
    self.session.flush()
    ~~~~~~~~~~~~~~~~~~^^
  File "/home/bhavin/Desktop/projectgrocery (2)/pyapp/.venv/lib/python3.13/site-packages/sqlalchemy/orm/session.py", line 4345, in flush
    self._flush(objects)
    ~~~~~~~~~~~^^^^^^^^^
  File "/home/bhavin/Desktop/projectgrocery (2)/pyapp/.venv/lib/python3.13/site-packages/sqlalchemy/orm/session.py", line 4480, in _flush
    with util.safe_reraise():
         ~~~~~~~~~~~~~~~~~^^
  File "/home/bhavin/Desktop/projectgrocery (2)/pyapp/.venv/lib/python3.13/site-packages/sqlalchemy/util/langhelpers.py", line 224, in __exit__
    raise exc_value.with_traceback(exc_tb)
  File "/home/bhavin/Desktop/projectgrocery (2)/pyapp/.venv/lib/python3.13/site-packages/sqlalchemy/orm/session.py", line 4441, in _flush
    flush_context.execute()
    ~~~~~~~~~~~~~~~~~~~~~^^
  File "/home/bhavin/Desktop/projectgrocery (2)/pyapp/.venv/lib/python3.13/site-packages/sqlalchemy/orm/unitofwork.py", line 466, in execute
    rec.execute(self)
    ~~~~~~~~~~~^^^^^^
  File "/home/bhavin/Desktop/projectgrocery (2)/pyapp/.venv/lib/python3.13/site-packages/sqlalchemy/orm/unitofwork.py", line 642, in execute
    util.preloaded.orm_persistence.save_obj(
    ~~~~~~~~~~~~~~~~~~~~~~~~~~~~~~~~~~~~~~~^
        self.mapper,
        ^^^^^^^^^^^^
        uow.states_for_mapper_hierarchy(self.mapper, False, False),
        ^^^^^^^^^^^^^^^^^^^^^^^^^^^^^^^^^^^^^^^^^^^^^^^^^^^^^^^^^^^
        uow,
        ^^^^
    )
    ^
  File "/home/bhavin/Desktop/projectgrocery (2)/pyapp/.venv/lib/python3.13/site-packages/sqlalchemy/orm/persistence.py", line 93, in save_obj
    _emit_insert_statements(
    ~~~~~~~~~~~~~~~~~~~~~~~^
        base_mapper,
        ^^^^^^^^^^^^
    ...<3 lines>...
        insert,
        ^^^^^^^
    )
    ^
  File "/home/bhavin/Desktop/projectgrocery (2)/pyapp/.venv/lib/python3.13/site-packages/sqlalchemy/orm/persistence.py", line 1233, in _emit_insert_statements
    result = connection.execute(
        statement,
        params,
        execution_options=execution_options,
    )
  File "/home/bhavin/Desktop/projectgrocery (2)/pyapp/.venv/lib/python3.13/site-packages/sqlalchemy/engine/base.py", line 1419, in execute
    return meth(
        self,
        distilled_parameters,
        execution_options or NO_OPTIONS,
    )
  File "/home/bhavin/Desktop/projectgrocery (2)/pyapp/.venv/lib/python3.13/site-packages/sqlalchemy/sql/elements.py", line 526, in _execute_on_connection
    return connection._execute_clauseelement(
           ~~~~~~~~~~~~~~~~~~~~~~~~~~~~~~~~~^
        self, distilled_params, execution_options
        ^^^^^^^^^^^^^^^^^^^^^^^^^^^^^^^^^^^^^^^^^
    )
    ^
  File "/home/bhavin/Desktop/projectgrocery (2)/pyapp/.venv/lib/python3.13/site-packages/sqlalchemy/engine/base.py", line 1641, in _execute_clauseelement
    ret = self._execute_context(
        dialect,
    ...<8 lines>...
        cache_hit=cache_hit,
    )
  File "/home/bhavin/Desktop/projectgrocery (2)/pyapp/.venv/lib/python3.13/site-packages/sqlalchemy/engine/base.py", line 1846, in _execute_context
    return self._exec_single_context(
           ~~~~~~~~~~~~~~~~~~~~~~~~~^
        dialect, context, statement, parameters
        ^^^^^^^^^^^^^^^^^^^^^^^^^^^^^^^^^^^^^^^
    )
    ^
  File "/home/bhavin/Desktop/projectgrocery (2)/pyapp/.venv/lib/python3.13/site-packages/sqlalchemy/engine/base.py", line 1986, in _exec_single_context
    self._handle_dbapi_exception(
    ~~~~~~~~~~~~~~~~~~~~~~~~~~~~^
        e, str_statement, effective_parameters, cursor, context
        ^^^^^^^^^^^^^^^^^^^^^^^^^^^^^^^^^^^^^^^^^^^^^^^^^^^^^^^
    )
    ^
  File "/home/bhavin/Desktop/projectgrocery (2)/pyapp/.venv/lib/python3.13/site-packages/sqlalchemy/engine/base.py", line 2355, in _handle_dbapi_exception
    raise sqlalchemy_exception.with_traceback(exc_info[2]) from e
  File "/home/bhavin/Desktop/projectgrocery (2)/pyapp/.venv/lib/python3.13/site-packages/sqlalchemy/engine/base.py", line 1967, in _exec_single_context
    self.dialect.do_execute(
    ~~~~~~~~~~~~~~~~~~~~~~~^
        cursor, str_statement, effective_parameters, context
        ^^^^^^^^^^^^^^^^^^^^^^^^^^^^^^^^^^^^^^^^^^^^^^^^^^^^
    )
    ^
  File "/home/bhavin/Desktop/projectgrocery (2)/pyapp/.venv/lib/python3.13/site-packages/sqlalchemy/engine/default.py", line 951, in do_execute
    cursor.execute(statement, parameters)
    ~~~~~~~~~~~~~~^^^^^^^^^^^^^^^^^^^^^^^
sqlalchemy.exc.OperationalError: (sqlite3.OperationalError) database is locked
[SQL: INSERT INTO exercise_logs (exercise_name, user_input, success, timestamp, ip_address) VALUES (?, ?, ?, ?, ?)]
[parameters: ('login_basic', "username=erwte, password=' or 1=1--", 0, '2025-10-14 05:09:22.523168', '127.0.0.1')]
(Background on this error at: https://sqlalche.me/e/20/e3q8)
2025-10-14 10:39:30,699 - app - ERROR - Exception on /vulnerable/login [POST]
Traceback (most recent call last):
  File "/home/bhavin/Desktop/kunj/safesql-lab/app/routes/vulnerable.py", line 37, in login
    cursor.execute(query)
    ~~~~~~~~~~~~~~^^^^^^^
sqlite3.OperationalError: database is locked

During handling of the above exception, another exception occurred:

Traceback (most recent call last):
  File "/home/bhavin/Desktop/projectgrocery (2)/pyapp/.venv/lib/python3.13/site-packages/sqlalchemy/engine/base.py", line 1967, in _exec_single_context
    self.dialect.do_execute(
    ~~~~~~~~~~~~~~~~~~~~~~~^
        cursor, str_statement, effective_parameters, context
        ^^^^^^^^^^^^^^^^^^^^^^^^^^^^^^^^^^^^^^^^^^^^^^^^^^^^
    )
    ^
  File "/home/bhavin/Desktop/projectgrocery (2)/pyapp/.venv/lib/python3.13/site-packages/sqlalchemy/engine/default.py", line 951, in do_execute
    cursor.execute(statement, parameters)
    ~~~~~~~~~~~~~~^^^^^^^^^^^^^^^^^^^^^^^
sqlite3.OperationalError: database is locked

The above exception was the direct cause of the following exception:

Traceback (most recent call last):
  File "/home/bhavin/Desktop/projectgrocery (2)/pyapp/.venv/lib/python3.13/site-packages/flask/app.py", line 1511, in wsgi_app
    response = self.full_dispatch_request()
  File "/home/bhavin/Desktop/projectgrocery (2)/pyapp/.venv/lib/python3.13/site-packages/flask/app.py", line 919, in full_dispatch_request
    rv = self.handle_user_exception(e)
  File "/home/bhavin/Desktop/projectgrocery (2)/pyapp/.venv/lib/python3.13/site-packages/flask/app.py", line 917, in full_dispatch_request
    rv = self.dispatch_request()
  File "/home/bhavin/Desktop/projectgrocery (2)/pyapp/.venv/lib/python3.13/site-packages/flask/app.py", line 902, in dispatch_request
    return self.ensure_sync(self.view_functions[rule.endpoint])(**view_args)  # type: ignore[no-any-return]
           ~~~~~~~~~~~~~~~~~~~~~~~~~~~~~~~~~~~~~~~~~~~~~~~~~~~~^^^^^^^^^^^^^
  File "/home/bhavin/Desktop/kunj/safesql-lab/app/routes/vulnerable.py", line 53, in login
    log_exercise_attempt('login_basic', f"username={username}, password={password}", False)
    ~~~~~~~~~~~~~~~~~~~~^^^^^^^^^^^^^^^^^^^^^^^^^^^^^^^^^^^^^^^^^^^^^^^^^^^^^^^^^^^^^^^^^^^
  File "/home/bhavin/Desktop/kunj/safesql-lab/app/routes/vulnerable.py", line 19, in log_exercise_attempt
    db.session.commit()
    ~~~~~~~~~~~~~~~~~^^
  File "/home/bhavin/Desktop/projectgrocery (2)/pyapp/.venv/lib/python3.13/site-packages/sqlalchemy/orm/scoping.py", line 599, in commit
    return self._proxied.commit()
           ~~~~~~~~~~~~~~~~~~~~^^
  File "/home/bhavin/Desktop/projectgrocery (2)/pyapp/.venv/lib/python3.13/site-packages/sqlalchemy/orm/session.py", line 2032, in commit
    trans.commit(_to_root=True)
    ~~~~~~~~~~~~^^^^^^^^^^^^^^^
  File "<string>", line 2, in commit
  File "/home/bhavin/Desktop/projectgrocery (2)/pyapp/.venv/lib/python3.13/site-packages/sqlalchemy/orm/state_changes.py", line 137, in _go
    ret_value = fn(self, *arg, **kw)
  File "/home/bhavin/Desktop/projectgrocery (2)/pyapp/.venv/lib/python3.13/site-packages/sqlalchemy/orm/session.py", line 1313, in commit
    self._prepare_impl()
    ~~~~~~~~~~~~~~~~~~^^
  File "<string>", line 2, in _prepare_impl
  File "/home/bhavin/Desktop/projectgrocery (2)/pyapp/.venv/lib/python3.13/site-packages/sqlalchemy/orm/state_changes.py", line 137, in _go
    ret_value = fn(self, *arg, **kw)
  File "/home/bhavin/Desktop/projectgrocery (2)/pyapp/.venv/lib/python3.13/site-packages/sqlalchemy/orm/session.py", line 1288, in _prepare_impl
    self.session.flush()
    ~~~~~~~~~~~~~~~~~~^^
  File "/home/bhavin/Desktop/projectgrocery (2)/pyapp/.venv/lib/python3.13/site-packages/sqlalchemy/orm/session.py", line 4345, in flush
    self._flush(objects)
    ~~~~~~~~~~~^^^^^^^^^
  File "/home/bhavin/Desktop/projectgrocery (2)/pyapp/.venv/lib/python3.13/site-packages/sqlalchemy/orm/session.py", line 4480, in _flush
    with util.safe_reraise():
         ~~~~~~~~~~~~~~~~~^^
  File "/home/bhavin/Desktop/projectgrocery (2)/pyapp/.venv/lib/python3.13/site-packages/sqlalchemy/util/langhelpers.py", line 224, in __exit__
    raise exc_value.with_traceback(exc_tb)
  File "/home/bhavin/Desktop/projectgrocery (2)/pyapp/.venv/lib/python3.13/site-packages/sqlalchemy/orm/session.py", line 4441, in _flush
    flush_context.execute()
    ~~~~~~~~~~~~~~~~~~~~~^^
  File "/home/bhavin/Desktop/projectgrocery (2)/pyapp/.venv/lib/python3.13/site-packages/sqlalchemy/orm/unitofwork.py", line 466, in execute
    rec.execute(self)
    ~~~~~~~~~~~^^^^^^
  File "/home/bhavin/Desktop/projectgrocery (2)/pyapp/.venv/lib/python3.13/site-packages/sqlalchemy/orm/unitofwork.py", line 642, in execute
    util.preloaded.orm_persistence.save_obj(
    ~~~~~~~~~~~~~~~~~~~~~~~~~~~~~~~~~~~~~~~^
        self.mapper,
        ^^^^^^^^^^^^
        uow.states_for_mapper_hierarchy(self.mapper, False, False),
        ^^^^^^^^^^^^^^^^^^^^^^^^^^^^^^^^^^^^^^^^^^^^^^^^^^^^^^^^^^^
        uow,
        ^^^^
    )
    ^
  File "/home/bhavin/Desktop/projectgrocery (2)/pyapp/.venv/lib/python3.13/site-packages/sqlalchemy/orm/persistence.py", line 93, in save_obj
    _emit_insert_statements(
    ~~~~~~~~~~~~~~~~~~~~~~~^
        base_mapper,
        ^^^^^^^^^^^^
    ...<3 lines>...
        insert,
        ^^^^^^^
    )
    ^
  File "/home/bhavin/Desktop/projectgrocery (2)/pyapp/.venv/lib/python3.13/site-packages/sqlalchemy/orm/persistence.py", line 1233, in _emit_insert_statements
    result = connection.execute(
        statement,
        params,
        execution_options=execution_options,
    )
  File "/home/bhavin/Desktop/projectgrocery (2)/pyapp/.venv/lib/python3.13/site-packages/sqlalchemy/engine/base.py", line 1419, in execute
    return meth(
        self,
        distilled_parameters,
        execution_options or NO_OPTIONS,
    )
  File "/home/bhavin/Desktop/projectgrocery (2)/pyapp/.venv/lib/python3.13/site-packages/sqlalchemy/sql/elements.py", line 526, in _execute_on_connection
    return connection._execute_clauseelement(
           ~~~~~~~~~~~~~~~~~~~~~~~~~~~~~~~~~^
        self, distilled_params, execution_options
        ^^^^^^^^^^^^^^^^^^^^^^^^^^^^^^^^^^^^^^^^^
    )
    ^
  File "/home/bhavin/Desktop/projectgrocery (2)/pyapp/.venv/lib/python3.13/site-packages/sqlalchemy/engine/base.py", line 1641, in _execute_clauseelement
    ret = self._execute_context(
        dialect,
    ...<8 lines>...
        cache_hit=cache_hit,
    )
  File "/home/bhavin/Desktop/projectgrocery (2)/pyapp/.venv/lib/python3.13/site-packages/sqlalchemy/engine/base.py", line 1846, in _execute_context
    return self._exec_single_context(
           ~~~~~~~~~~~~~~~~~~~~~~~~~^
        dialect, context, statement, parameters
        ^^^^^^^^^^^^^^^^^^^^^^^^^^^^^^^^^^^^^^^
    )
    ^
  File "/home/bhavin/Desktop/projectgrocery (2)/pyapp/.venv/lib/python3.13/site-packages/sqlalchemy/engine/base.py", line 1986, in _exec_single_context
    self._handle_dbapi_exception(
    ~~~~~~~~~~~~~~~~~~~~~~~~~~~~^
        e, str_statement, effective_parameters, cursor, context
        ^^^^^^^^^^^^^^^^^^^^^^^^^^^^^^^^^^^^^^^^^^^^^^^^^^^^^^^
    )
    ^
  File "/home/bhavin/Desktop/projectgrocery (2)/pyapp/.venv/lib/python3.13/site-packages/sqlalchemy/engine/base.py", line 2355, in _handle_dbapi_exception
    raise sqlalchemy_exception.with_traceback(exc_info[2]) from e
  File "/home/bhavin/Desktop/projectgrocery (2)/pyapp/.venv/lib/python3.13/site-packages/sqlalchemy/engine/base.py", line 1967, in _exec_single_context
    self.dialect.do_execute(
    ~~~~~~~~~~~~~~~~~~~~~~~^
        cursor, str_statement, effective_parameters, context
        ^^^^^^^^^^^^^^^^^^^^^^^^^^^^^^^^^^^^^^^^^^^^^^^^^^^^
    )
    ^
  File "/home/bhavin/Desktop/projectgrocery (2)/pyapp/.venv/lib/python3.13/site-packages/sqlalchemy/engine/default.py", line 951, in do_execute
    cursor.execute(statement, parameters)
    ~~~~~~~~~~~~~~^^^^^^^^^^^^^^^^^^^^^^^
sqlalchemy.exc.OperationalError: (sqlite3.OperationalError) database is locked
[SQL: INSERT INTO exercise_logs (exercise_name, user_input, success, timestamp, ip_address) VALUES (?, ?, ?, ?, ?)]
[parameters: ('login_basic', "username=erwte, password=' or 1=1--", 0, '2025-10-14 05:09:25.690912', '127.0.0.1')]
(Background on this error at: https://sqlalche.me/e/20/e3q8)
2025-10-14 10:39:35,093 - app - ERROR - Exception on /vulnerable/login [POST]
Traceback (most recent call last):
  File "/home/bhavin/Desktop/kunj/safesql-lab/app/routes/vulnerable.py", line 37, in login
    cursor.execute(query)
    ~~~~~~~~~~~~~~^^^^^^^
sqlite3.OperationalError: database is locked

During handling of the above exception, another exception occurred:

Traceback (most recent call last):
  File "/home/bhavin/Desktop/projectgrocery (2)/pyapp/.venv/lib/python3.13/site-packages/sqlalchemy/engine/base.py", line 1145, in _commit_impl
    self.engine.dialect.do_commit(self.connection)
    ~~~~~~~~~~~~~~~~~~~~~~~~~~~~~^^^^^^^^^^^^^^^^^
  File "/home/bhavin/Desktop/projectgrocery (2)/pyapp/.venv/lib/python3.13/site-packages/sqlalchemy/engine/default.py", line 714, in do_commit
    dbapi_connection.commit()
    ~~~~~~~~~~~~~~~~~~~~~~~^^
sqlite3.OperationalError: database is locked

The above exception was the direct cause of the following exception:

Traceback (most recent call last):
  File "/home/bhavin/Desktop/projectgrocery (2)/pyapp/.venv/lib/python3.13/site-packages/flask/app.py", line 1511, in wsgi_app
    response = self.full_dispatch_request()
  File "/home/bhavin/Desktop/projectgrocery (2)/pyapp/.venv/lib/python3.13/site-packages/flask/app.py", line 919, in full_dispatch_request
    rv = self.handle_user_exception(e)
  File "/home/bhavin/Desktop/projectgrocery (2)/pyapp/.venv/lib/python3.13/site-packages/flask/app.py", line 917, in full_dispatch_request
    rv = self.dispatch_request()
  File "/home/bhavin/Desktop/projectgrocery (2)/pyapp/.venv/lib/python3.13/site-packages/flask/app.py", line 902, in dispatch_request
    return self.ensure_sync(self.view_functions[rule.endpoint])(**view_args)  # type: ignore[no-any-return]
           ~~~~~~~~~~~~~~~~~~~~~~~~~~~~~~~~~~~~~~~~~~~~~~~~~~~~^^^^^^^^^^^^^
  File "/home/bhavin/Desktop/kunj/safesql-lab/app/routes/vulnerable.py", line 53, in login
    log_exercise_attempt('login_basic', f"username={username}, password={password}", False)
    ~~~~~~~~~~~~~~~~~~~~^^^^^^^^^^^^^^^^^^^^^^^^^^^^^^^^^^^^^^^^^^^^^^^^^^^^^^^^^^^^^^^^^^^
  File "/home/bhavin/Desktop/kunj/safesql-lab/app/routes/vulnerable.py", line 19, in log_exercise_attempt
    db.session.commit()
    ~~~~~~~~~~~~~~~~~^^
  File "/home/bhavin/Desktop/projectgrocery (2)/pyapp/.venv/lib/python3.13/site-packages/sqlalchemy/orm/scoping.py", line 599, in commit
    return self._proxied.commit()
           ~~~~~~~~~~~~~~~~~~~~^^
  File "/home/bhavin/Desktop/projectgrocery (2)/pyapp/.venv/lib/python3.13/site-packages/sqlalchemy/orm/session.py", line 2032, in commit
    trans.commit(_to_root=True)
    ~~~~~~~~~~~~^^^^^^^^^^^^^^^
  File "<string>", line 2, in commit
  File "/home/bhavin/Desktop/projectgrocery (2)/pyapp/.venv/lib/python3.13/site-packages/sqlalchemy/orm/state_changes.py", line 137, in _go
    ret_value = fn(self, *arg, **kw)
  File "/home/bhavin/Desktop/projectgrocery (2)/pyapp/.venv/lib/python3.13/site-packages/sqlalchemy/orm/session.py", line 1320, in commit
    trans.commit()
    ~~~~~~~~~~~~^^
  File "/home/bhavin/Desktop/projectgrocery (2)/pyapp/.venv/lib/python3.13/site-packages/sqlalchemy/engine/base.py", line 2632, in commit
    self._do_commit()
    ~~~~~~~~~~~~~~~^^
  File "/home/bhavin/Desktop/projectgrocery (2)/pyapp/.venv/lib/python3.13/site-packages/sqlalchemy/engine/base.py", line 2737, in _do_commit
    self._connection_commit_impl()
    ~~~~~~~~~~~~~~~~~~~~~~~~~~~~^^
  File "/home/bhavin/Desktop/projectgrocery (2)/pyapp/.venv/lib/python3.13/site-packages/sqlalchemy/engine/base.py", line 2708, in _connection_commit_impl
    self.connection._commit_impl()
    ~~~~~~~~~~~~~~~~~~~~~~~~~~~~^^
  File "/home/bhavin/Desktop/projectgrocery (2)/pyapp/.venv/lib/python3.13/site-packages/sqlalchemy/engine/base.py", line 1147, in _commit_impl
    self._handle_dbapi_exception(e, None, None, None, None)
    ~~~~~~~~~~~~~~~~~~~~~~~~~~~~^^^^^^^^^^^^^^^^^^^^^^^^^^^
  File "/home/bhavin/Desktop/projectgrocery (2)/pyapp/.venv/lib/python3.13/site-packages/sqlalchemy/engine/base.py", line 2355, in _handle_dbapi_exception
    raise sqlalchemy_exception.with_traceback(exc_info[2]) from e
  File "/home/bhavin/Desktop/projectgrocery (2)/pyapp/.venv/lib/python3.13/site-packages/sqlalchemy/engine/base.py", line 1145, in _commit_impl
    self.engine.dialect.do_commit(self.connection)
    ~~~~~~~~~~~~~~~~~~~~~~~~~~~~~^^^^^^^^^^^^^^^^^
  File "/home/bhavin/Desktop/projectgrocery (2)/pyapp/.venv/lib/python3.13/site-packages/sqlalchemy/engine/default.py", line 714, in do_commit
    dbapi_connection.commit()
    ~~~~~~~~~~~~~~~~~~~~~~~^^
sqlalchemy.exc.OperationalError: (sqlite3.OperationalError) database is locked
(Background on this error at: https://sqlalche.me/e/20/e3q8)
2025-12-14 04:17:51,810 - app - ERROR - Exception on /secure/item [GET]
Traceback (most recent call last):
  File "/home/bhavin/llme/lib/python3.13/site-packages/flask/app.py", line 1511, in wsgi_app
    response = self.full_dispatch_request()
  File "/home/bhavin/llme/lib/python3.13/site-packages/flask/app.py", line 919, in full_dispatch_request
    rv = self.handle_user_exception(e)
  File "/home/bhavin/llme/lib/python3.13/site-packages/flask/app.py", line 917, in full_dispatch_request
    rv = self.dispatch_request()
  File "/home/bhavin/llme/lib/python3.13/site-packages/flask/app.py", line 902, in dispatch_request
    return self.ensure_sync(self.view_functions[rule.endpoint])(**view_args)  # type: ignore[no-any-return]
           ~~~~~~~~~~~~~~~~~~~~~~~~~~~~~~~~~~~~~~~~~~~~~~~~~~~~^^^^^^^^^^^^^
  File "/home/bhavin/Desktop/kunj/safesql-lab/app/routes/secure.py", line 97, in item_detail
    return render_template('secure/item_detail.html', product=None, comments=[], comment_count=0)
  File "/home/bhavin/llme/lib/python3.13/site-packages/flask/templating.py", line 149, in render_template
    template = app.jinja_env.get_or_select_template(template_name_or_list)
  File "/home/bhavin/llme/lib/python3.13/site-packages/jinja2/environment.py", line 1087, in get_or_select_template
    return self.get_template(template_name_or_list, parent, globals)
           ~~~~~~~~~~~~~~~~~^^^^^^^^^^^^^^^^^^^^^^^^^^^^^^^^^^^^^^^^
  File "/home/bhavin/llme/lib/python3.13/site-packages/jinja2/environment.py", line 1016, in get_template
    return self._load_template(name, globals)
           ~~~~~~~~~~~~~~~~~~~^^^^^^^^^^^^^^^
  File "/home/bhavin/llme/lib/python3.13/site-packages/jinja2/environment.py", line 975, in _load_template
    template = self.loader.load(self, name, self.make_globals(globals))
  File "/home/bhavin/llme/lib/python3.13/site-packages/jinja2/loaders.py", line 126, in load
    source, filename, uptodate = self.get_source(environment, name)
                                 ~~~~~~~~~~~~~~~^^^^^^^^^^^^^^^^^^^
  File "/home/bhavin/llme/lib/python3.13/site-packages/flask/templating.py", line 65, in get_source
    return self._get_source_fast(environment, template)
           ~~~~~~~~~~~~~~~~~~~~~^^^^^^^^^^^^^^^^^^^^^^^
  File "/home/bhavin/llme/lib/python3.13/site-packages/flask/templating.py", line 99, in _get_source_fast
    raise TemplateNotFound(template)
jinja2.exceptions.TemplateNotFound: secure/item_detail.html
2025-12-14 04:17:57,990 - app - ERROR - Exception on /secure/item [GET]
Traceback (most recent call last):
  File "/home/bhavin/llme/lib/python3.13/site-packages/flask/app.py", line 1511, in wsgi_app
    response = self.full_dispatch_request()
  File "/home/bhavin/llme/lib/python3.13/site-packages/flask/app.py", line 919, in full_dispatch_request
    rv = self.handle_user_exception(e)
  File "/home/bhavin/llme/lib/python3.13/site-packages/flask/app.py", line 917, in full_dispatch_request
    rv = self.dispatch_request()
  File "/home/bhavin/llme/lib/python3.13/site-packages/flask/app.py", line 902, in dispatch_request
    return self.ensure_sync(self.view_functions[rule.endpoint])(**view_args)  # type: ignore[no-any-return]
           ~~~~~~~~~~~~~~~~~~~~~~~~~~~~~~~~~~~~~~~~~~~~~~~~~~~~^^^^^^^^^^^^^
  File "/home/bhavin/Desktop/kunj/safesql-lab/app/routes/secure.py", line 97, in item_detail
    return render_template('secure/item_detail.html', product=None, comments=[], comment_count=0)
  File "/home/bhavin/llme/lib/python3.13/site-packages/flask/templating.py", line 149, in render_template
    template = app.jinja_env.get_or_select_template(template_name_or_list)
  File "/home/bhavin/llme/lib/python3.13/site-packages/jinja2/environment.py", line 1087, in get_or_select_template
    return self.get_template(template_name_or_list, parent, globals)
           ~~~~~~~~~~~~~~~~~^^^^^^^^^^^^^^^^^^^^^^^^^^^^^^^^^^^^^^^^
  File "/home/bhavin/llme/lib/python3.13/site-packages/jinja2/environment.py", line 1016, in get_template
    return self._load_template(name, globals)
           ~~~~~~~~~~~~~~~~~~~^^^^^^^^^^^^^^^
  File "/home/bhavin/llme/lib/python3.13/site-packages/jinja2/environment.py", line 975, in _load_template
    template = self.loader.load(self, name, self.make_globals(globals))
  File "/home/bhavin/llme/lib/python3.13/site-packages/jinja2/loaders.py", line 126, in load
    source, filename, uptodate = self.get_source(environment, name)
                                 ~~~~~~~~~~~~~~~^^^^^^^^^^^^^^^^^^^
  File "/home/bhavin/llme/lib/python3.13/site-packages/flask/templating.py", line 65, in get_source
    return self._get_source_fast(environment, template)
           ~~~~~~~~~~~~~~~~~~~~~^^^^^^^^^^^^^^^^^^^^^^^
  File "/home/bhavin/llme/lib/python3.13/site-packages/flask/templating.py", line 99, in _get_source_fast
    raise TemplateNotFound(template)
jinja2.exceptions.TemplateNotFound: secure/item_detail.html
2025-12-14 04:22:06,324 - app - ERROR - Exception on /exercises/search_basic [GET]
Traceback (most recent call last):
  File "/home/bhavin/llme/lib/python3.13/site-packages/flask/app.py", line 1511, in wsgi_app
    response = self.full_dispatch_request()
  File "/home/bhavin/llme/lib/python3.13/site-packages/flask/app.py", line 919, in full_dispatch_request
    rv = self.handle_user_exception(e)
  File "/home/bhavin/llme/lib/python3.13/site-packages/flask/app.py", line 917, in full_dispatch_request
    rv = self.dispatch_request()
  File "/home/bhavin/llme/lib/python3.13/site-packages/flask/app.py", line 902, in dispatch_request
    return self.ensure_sync(self.view_functions[rule.endpoint])(**view_args)  # type: ignore[no-any-return]
           ~~~~~~~~~~~~~~~~~~~~~~~~~~~~~~~~~~~~~~~~~~~~~~~~~~~~^^^^^^^^^^^^^
  File "/home/bhavin/Desktop/kunj/safesql-lab/app/routes/exercises.py", line 169, in exercise_detail
    return render_template('exercises/detail.html', exercise=exercise, exercise_id=exercise_id)
  File "/home/bhavin/llme/lib/python3.13/site-packages/flask/templating.py", line 149, in render_template
    template = app.jinja_env.get_or_select_template(template_name_or_list)
  File "/home/bhavin/llme/lib/python3.13/site-packages/jinja2/environment.py", line 1087, in get_or_select_template
    return self.get_template(template_name_or_list, parent, globals)
           ~~~~~~~~~~~~~~~~~^^^^^^^^^^^^^^^^^^^^^^^^^^^^^^^^^^^^^^^^
  File "/home/bhavin/llme/lib/python3.13/site-packages/jinja2/environment.py", line 1016, in get_template
    return self._load_template(name, globals)
           ~~~~~~~~~~~~~~~~~~~^^^^^^^^^^^^^^^
  File "/home/bhavin/llme/lib/python3.13/site-packages/jinja2/environment.py", line 975, in _load_template
    template = self.loader.load(self, name, self.make_globals(globals))
  File "/home/bhavin/llme/lib/python3.13/site-packages/jinja2/loaders.py", line 126, in load
    source, filename, uptodate = self.get_source(environment, name)
                                 ~~~~~~~~~~~~~~~^^^^^^^^^^^^^^^^^^^
  File "/home/bhavin/llme/lib/python3.13/site-packages/flask/templating.py", line 65, in get_source
    return self._get_source_fast(environment, template)
           ~~~~~~~~~~~~~~~~~~~~~^^^^^^^^^^^^^^^^^^^^^^^
  File "/home/bhavin/llme/lib/python3.13/site-packages/flask/templating.py", line 99, in _get_source_fast
    raise TemplateNotFound(template)
jinja2.exceptions.TemplateNotFound: exercises/detail.html
2025-12-14 04:22:09,603 - app - ERROR - Exception on /secure/search [GET]
Traceback (most recent call last):
  File "/home/bhavin/llme/lib/python3.13/site-packages/flask/app.py", line 1511, in wsgi_app
    response = self.full_dispatch_request()
  File "/home/bhavin/llme/lib/python3.13/site-packages/flask/app.py", line 919, in full_dispatch_request
    rv = self.handle_user_exception(e)
  File "/home/bhavin/llme/lib/python3.13/site-packages/flask/app.py", line 917, in full_dispatch_request
    rv = self.dispatch_request()
  File "/home/bhavin/llme/lib/python3.13/site-packages/flask/app.py", line 902, in dispatch_request
    return self.ensure_sync(self.view_functions[rule.endpoint])(**view_args)  # type: ignore[no-any-return]
           ~~~~~~~~~~~~~~~~~~~~~~~~~~~~~~~~~~~~~~~~~~~~~~~~~~~~^^^^^^^^^^^^^
  File "/home/bhavin/Desktop/kunj/safesql-lab/app/routes/secure.py", line 62, in search
    return render_template('secure/search.html', products=products, query=query_param)
  File "/home/bhavin/llme/lib/python3.13/site-packages/flask/templating.py", line 149, in render_template
    template = app.jinja_env.get_or_select_template(template_name_or_list)
  File "/home/bhavin/llme/lib/python3.13/site-packages/jinja2/environment.py", line 1087, in get_or_select_template
    return self.get_template(template_name_or_list, parent, globals)
           ~~~~~~~~~~~~~~~~~^^^^^^^^^^^^^^^^^^^^^^^^^^^^^^^^^^^^^^^^
  File "/home/bhavin/llme/lib/python3.13/site-packages/jinja2/environment.py", line 1016, in get_template
    return self._load_template(name, globals)
           ~~~~~~~~~~~~~~~~~~~^^^^^^^^^^^^^^^
  File "/home/bhavin/llme/lib/python3.13/site-packages/jinja2/environment.py", line 975, in _load_template
    template = self.loader.load(self, name, self.make_globals(globals))
  File "/home/bhavin/llme/lib/python3.13/site-packages/jinja2/loaders.py", line 126, in load
    source, filename, uptodate = self.get_source(environment, name)
                                 ~~~~~~~~~~~~~~~^^^^^^^^^^^^^^^^^^^
  File "/home/bhavin/llme/lib/python3.13/site-packages/flask/templating.py", line 65, in get_source
    return self._get_source_fast(environment, template)
           ~~~~~~~~~~~~~~~~~~~~~^^^^^^^^^^^^^^^^^^^^^^^
  File "/home/bhavin/llme/lib/python3.13/site-packages/flask/templating.py", line 99, in _get_source_fast
    raise TemplateNotFound(template)
jinja2.exceptions.TemplateNotFound: secure/search.html
2025-12-14 04:23:19,590 - app - ERROR - Exception on /exercises/login_basic [GET]
Traceback (most recent call last):
  File "/home/bhavin/llme/lib/python3.13/site-packages/flask/app.py", line 1511, in wsgi_app
    response = self.full_dispatch_request()
  File "/home/bhavin/llme/lib/python3.13/site-packages/flask/app.py", line 919, in full_dispatch_request
    rv = self.handle_user_exception(e)
  File "/home/bhavin/llme/lib/python3.13/site-packages/flask/app.py", line 917, in full_dispatch_request
    rv = self.dispatch_request()
  File "/home/bhavin/llme/lib/python3.13/site-packages/flask/app.py", line 902, in dispatch_request
    return self.ensure_sync(self.view_functions[rule.endpoint])(**view_args)  # type: ignore[no-any-return]
           ~~~~~~~~~~~~~~~~~~~~~~~~~~~~~~~~~~~~~~~~~~~~~~~~~~~~^^^^^^^^^^^^^
  File "/home/bhavin/Desktop/kunj/safesql-lab/app/routes/exercises.py", line 169, in exercise_detail
    return render_template('exercises/detail.html', exercise=exercise, exercise_id=exercise_id)
  File "/home/bhavin/llme/lib/python3.13/site-packages/flask/templating.py", line 149, in render_template
    template = app.jinja_env.get_or_select_template(template_name_or_list)
  File "/home/bhavin/llme/lib/python3.13/site-packages/jinja2/environment.py", line 1087, in get_or_select_template
    return self.get_template(template_name_or_list, parent, globals)
           ~~~~~~~~~~~~~~~~~^^^^^^^^^^^^^^^^^^^^^^^^^^^^^^^^^^^^^^^^
  File "/home/bhavin/llme/lib/python3.13/site-packages/jinja2/environment.py", line 1016, in get_template
    return self._load_template(name, globals)
           ~~~~~~~~~~~~~~~~~~~^^^^^^^^^^^^^^^
  File "/home/bhavin/llme/lib/python3.13/site-packages/jinja2/environment.py", line 975, in _load_template
    template = self.loader.load(self, name, self.make_globals(globals))
  File "/home/bhavin/llme/lib/python3.13/site-packages/jinja2/loaders.py", line 126, in load
    source, filename, uptodate = self.get_source(environment, name)
                                 ~~~~~~~~~~~~~~~^^^^^^^^^^^^^^^^^^^
  File "/home/bhavin/llme/lib/python3.13/site-packages/flask/templating.py", line 65, in get_source
    return self._get_source_fast(environment, template)
           ~~~~~~~~~~~~~~~~~~~~~^^^^^^^^^^^^^^^^^^^^^^^
  File "/home/bhavin/llme/lib/python3.13/site-packages/flask/templating.py", line 99, in _get_source_fast
    raise TemplateNotFound(template)
jinja2.exceptions.TemplateNotFound: exercises/detail.html
